2025-02-13 10:55:32,925 [INFO] Collecting book links...
2025-02-13 10:55:57,339 [INFO] Starting multiprocessing scraper...
2025-02-13 10:55:57,457 [INFO] Process 93507 started!
2025-02-13 10:55:57,458 [INFO] Process 93508 started!
2025-02-13 10:55:57,460 [INFO] Process 93509 started!
2025-02-13 10:55:59,199 [INFO] Scraped Book: Barefoot Contessa at Home: Everyday Recipes You'll Make Over and Over Again.
2025-02-13 10:55:59,349 [INFO] Scraped Book: Misery.
2025-02-13 10:55:59,361 [INFO] Scraped Book: A Light in the Attic.
2025-02-13 10:56:00,494 [INFO] Scraped Book: Balloon Animals.
2025-02-13 10:56:00,700 [INFO] Scraped Book: Little Women (Little Women #1).
2025-02-13 10:56:00,769 [INFO] Scraped Book: Tipping the Velvet.
2025-02-13 10:56:01,819 [INFO] Scraped Book: Art Ops Vol. 1.
2025-02-13 10:56:01,933 [INFO] Scraped Book: It.
2025-02-13 10:56:02,046 [INFO] Scraped Book: Soumission.
2025-02-13 10:56:03,034 [INFO] Scraped Book: Aristotle and Dante Discover the Secrets of the Universe (Aristotle and Dante Discover the Secrets of the Universe #1).
2025-02-13 10:56:03,153 [INFO] Scraped Book: Harry Potter and the Sorcerer's Stone (Harry Potter #1).
2025-02-13 10:56:03,333 [INFO] Scraped Book: Sharp Objects.
2025-02-13 10:56:04,464 [INFO] Scraped Book: Angels Walking (Angels Walking #1).
2025-02-13 10:56:04,654 [INFO] Scraped Book: Harry Potter and the Prisoner of Azkaban (Harry Potter #3).
2025-02-13 10:56:04,841 [INFO] Scraped Book: Sapiens: A Brief History of Humankind.
2025-02-13 10:56:05,884 [INFO] Scraped Book: Angels & Demons (Robert Langdon #1).
2025-02-13 10:56:06,115 [INFO] Scraped Book: Harry Potter and the Order of the Phoenix (Harry Potter #5).
2025-02-13 10:56:06,350 [INFO] Scraped Book: The Requiem Red.
2025-02-13 10:56:07,021 [INFO] Scraped Book: All the Light We Cannot See.
2025-02-13 10:56:07,443 [INFO] Scraped Book: Harry Potter and the Half-Blood Prince (Harry Potter #6).
2025-02-13 10:56:07,501 [INFO] Scraped Book: The Dirty Little Secrets of Getting Your Dream Job.
2025-02-13 10:56:08,350 [INFO] Scraped Book: Adulthood Is a Myth: A "Sarah's Scribbles" Collection.
2025-02-13 10:56:08,682 [INFO] Scraped Book: Harry Potter and the Chamber of Secrets (Harry Potter #2).
2025-02-13 10:56:08,793 [INFO] Scraped Book: The Coming Woman: A Novel Based on the Life of the Infamous Feminist, Victoria Woodhull.
2025-02-13 10:56:09,588 [INFO] Scraped Book: Abstract City.
2025-02-13 10:56:09,936 [INFO] Scraped Book: Gone with the Wind.
2025-02-13 10:56:10,078 [INFO] Scraped Book: The Boys in the Boat: Nine Americans and Their Epic Quest for Gold at the 1936 Berlin Olympics.
2025-02-13 10:56:10,801 [INFO] Scraped Book: A Time of Torment (Charlie Parker #14).
2025-02-13 10:56:11,282 [INFO] Scraped Book: God Is Not Great: How Religion Poisons Everything.
2025-02-13 10:56:11,333 [INFO] Scraped Book: The Black Maria.
2025-02-13 10:56:12,149 [INFO] Scraped Book: A Study in Scarlet (Sherlock Holmes #1).
2025-02-13 10:56:12,525 [INFO] Scraped Book: Starving Hearts (Triangular Trade Trilogy, #1).
2025-02-13 10:56:12,602 [INFO] Scraped Book: Girl With a Pearl Earring.
2025-02-13 10:56:13,330 [INFO] Scraped Book: A Series of Catastrophes and Miracles: A True Story of Love, Science, and Cancer.
2025-02-13 10:56:13,728 [INFO] Scraped Book: Shakespeare's Sonnets.
2025-02-13 10:56:13,931 [INFO] Scraped Book: Fruits Basket, Vol. 4 (Fruits Basket #4).
2025-02-13 10:56:14,579 [INFO] Scraped Book: A People's History of the United States.
2025-02-13 10:56:15,050 [INFO] Scraped Book: Set Me Free.
2025-02-13 10:56:15,126 [INFO] Scraped Book: Far From True (Promise Falls Trilogy #2).
2025-02-13 10:56:15,780 [INFO] Scraped Book: A Man Called Ove.
2025-02-13 10:56:16,366 [INFO] Scraped Book: Scott Pilgrim's Precious Little Life (Scott Pilgrim #1).
2025-02-13 10:56:16,437 [INFO] Scraped Book: Dark Lover (Black Dagger Brotherhood #1).
2025-02-13 10:56:16,924 [INFO] Scraped Book: A Distant Mirror: The Calamitous 14th Century.
2025-02-13 10:56:17,667 [INFO] Scraped Book: Rip it Up and Start Again.
2025-02-13 10:56:17,685 [INFO] Scraped Book: Confessions of a Shopaholic (Shopaholic #1).
2025-02-13 10:56:18,258 [INFO] Scraped Book: A Brush of Wings (Angels Walking #3).
2025-02-13 10:56:18,956 [INFO] Scraped Book: Our Band Could Be Your Life: Scenes from the American Indie Underground, 1981-1991.
2025-02-13 10:56:19,018 [INFO] Scraped Book: Changing the Game (Play by Play #2).
2025-02-13 10:56:19,486 [INFO] Scraped Book: 1491: New Revelations of the Americas Before Columbus.
2025-02-13 10:56:20,281 [INFO] Scraped Book: Candide.
2025-02-13 10:56:20,281 [INFO] Scraped Book: Olio.
2025-02-13 10:56:20,822 [INFO] Scraped Book: The Three Searches, Meaning, and the Story.
2025-02-13 10:56:21,447 [INFO] Scraped Book: Mesaerion: The Best Science Fiction Stories 1800-1849.
2025-02-13 10:56:21,562 [INFO] Scraped Book: Can You Keep a Secret?.
2025-02-13 10:56:22,107 [INFO] Scraped Book: Searching for Meaning in Gailana.
2025-02-13 10:56:22,576 [INFO] Scraped Book: Libertarianism for Beginners.
2025-02-13 10:56:22,869 [INFO] Scraped Book: Atlas Shrugged.
2025-02-13 10:56:23,412 [INFO] Scraped Book: Rook.
2025-02-13 10:56:23,791 [INFO] Scraped Book: It's Only the Himalayas.
2025-02-13 10:56:24,095 [INFO] Scraped Book: Animal Farm.
2025-02-13 10:56:24,738 [INFO] Scraped Book: My Kitchen Year: 136 Recipes That Saved My Life.
2025-02-13 10:56:25,026 [INFO] Scraped Book: In Her Wake.
2025-02-13 10:56:25,373 [INFO] Scraped Book: A Walk to Remember.
2025-02-13 10:56:26,073 [INFO] Scraped Book: 13 Hours: The Inside Account of What Really Happened In Benghazi.
2025-02-13 10:56:26,322 [INFO] Scraped Book: How Music Works.
2025-02-13 10:56:26,667 [INFO] Scraped Book: A New Earth: Awakening to Your Life's Purpose.
2025-02-13 10:56:27,391 [INFO] Scraped Book: Will You Won't You Want Me?.
2025-02-13 10:56:27,641 [INFO] Scraped Book: Foolproof Preserving: A Guide to Small Batch Jams, Jellies, Pickles, Condiments, and More: A Foolproof Guide to Making Small Batch Jams, Jellies, Pickles, Condiments, and More.
2025-02-13 10:56:27,900 [INFO] Scraped Book: A History of God: The 4,000-Year Quest of Judaism, Christianity, and Islam.
2025-02-13 10:56:28,703 [INFO] Scraped Book: Tipping Point for Planet Earth: How Close Are We to the Edge?.
2025-02-13 10:56:28,954 [INFO] Scraped Book: Chase Me (Paris Nights #2).
2025-02-13 10:56:29,196 [INFO] Scraped Book: 'Salem's Lot.
2025-02-13 10:56:29,868 [INFO] Scraped Book: The Star-Touched Queen.
2025-02-13 10:56:30,165 [INFO] Scraped Book: Black Dust.
2025-02-13 10:56:30,473 [INFO] Scraped Book: Zero History (Blue Ant #3).
2025-02-13 10:56:31,184 [INFO] Scraped Book: The Silent Sister (Riley MacPherson #1).
2025-02-13 10:56:31,450 [INFO] Scraped Book: Birdsong: A Story in Pictures.
2025-02-13 10:56:31,668 [INFO] Scraped Book: Wuthering Heights.
2025-02-13 10:56:32,497 [INFO] Scraped Book: The Midnight Watch: A Novel of the Titanic and the Californian.
2025-02-13 10:56:32,735 [INFO] Scraped Book: America's Cradle of Quarterbacks: Western Pennsylvania's Football Factory from Johnny Unitas to Joe Montana.
2025-02-13 10:56:32,893 [INFO] Scraped Book: World War Z: An Oral History of the Zombie War.
2025-02-13 10:56:33,815 [INFO] Scraped Book: The Lonely City: Adventures in the Art of Being Alone.
2025-02-13 10:56:34,008 [INFO] Scraped Book: Aladdin and His Wonderful Lamp.
2025-02-13 10:56:34,090 [INFO] Scraped Book: Wild: From Lost to Found on the Pacific Crest Trail.
2025-02-13 10:56:35,099 [INFO] Scraped Book: The Gray Rhino: How to Recognize and Act on the Obvious Dangers We Ignore.
2025-02-13 10:56:35,229 [INFO] Scraped Book: Worlds Elsewhere: Journeys Around Shakespeare’s Globe.
2025-02-13 10:56:35,309 [INFO] Scraped Book: Where'd You Go, Bernadette.
2025-02-13 10:56:36,601 [INFO] Scraped Book: The Golden Condom: And Other Essays on Love Lost and Found.
2025-02-13 10:56:36,680 [INFO] Scraped Book: When You Are Engulfed in Flames.
2025-02-13 10:56:36,846 [INFO] Scraped Book: Wall and Piece.
2025-02-13 10:56:37,934 [INFO] Scraped Book: The Epidemic (The Program 0.6).
2025-02-13 10:56:37,972 [INFO] Scraped Book: We the People: The Modern-Day Figures Who Have Reshaped and Affirmed the Founding Fathers' Vision of America.
2025-02-13 10:56:38,075 [INFO] Scraped Book: The Four Agreements: A Practical Guide to Personal Freedom.
2025-02-13 10:56:39,206 [INFO] Scraped Book: The Dinner Party.
2025-02-13 10:56:39,270 [INFO] Scraped Book: We Are All Completely Beside Ourselves.
2025-02-13 10:56:39,350 [INFO] Scraped Book: The Five Love Languages: How to Express Heartfelt Commitment to Your Mate.
2025-02-13 10:56:40,505 [INFO] Scraped Book: The Diary of a Young Girl.
2025-02-13 10:56:40,597 [INFO] Scraped Book: The Elephant Tree.
2025-02-13 10:56:40,623 [INFO] Scraped Book: Walk the Edge (Thunder Road #2).
2025-02-13 10:56:41,806 [INFO] Scraped Book: The Children.
2025-02-13 10:56:41,921 [INFO] Scraped Book: Voyager (Outlander #3).
2025-02-13 10:56:41,935 [INFO] Scraped Book: The Bear and the Piano.
2025-02-13 10:56:42,903 [INFO] Scraped Book: Stars Above (The Lunar Chronicles #4.5).
2025-02-13 10:56:43,231 [INFO] Scraped Book: Sophie's World.
2025-02-13 10:56:43,239 [INFO] Scraped Book: Very Good Lives: The Fringe Benefits of Failure and the Importance of Imagination.
2025-02-13 10:56:44,252 [INFO] Scraped Book: Snatched: How A Drug Queen Went Undercover for the DEA and Was Kidnapped By Colombian Guerillas.
2025-02-13 10:56:44,390 [INFO] Scraped Book: Vegan Vegetarian Omnivore: Dinner for Everyone at the Table.
2025-02-13 10:56:44,488 [INFO] Scraped Book: Penny Maybe.
2025-02-13 10:56:45,585 [INFO] Scraped Book: Raspberry Pi Electronics Projects for the Evil Genius.
2025-02-13 10:56:45,629 [INFO] Scraped Book: Unstuffed: Decluttering Your Home, Mind, and Soul.
2025-02-13 10:56:45,744 [INFO] Scraped Book: Maude (1883-1993):She Grew Up with the country.
2025-02-13 10:56:46,838 [INFO] Scraped Book: Quench Your Own Thirst: Business Lessons Learned Over a Beer or Two.
2025-02-13 10:56:46,906 [INFO] Scraped Book: Under the Banner of Heaven: A Story of Violent Faith.
2025-02-13 10:56:47,054 [INFO] Scraped Book: In a Dark, Dark Wood.
2025-02-13 10:56:47,995 [INFO] Scraped Book: Psycho: Sanitarium (Psycho #1.5).
2025-02-13 10:56:48,119 [INFO] Scraped Book: Two Boys Kissing.
2025-02-13 10:56:48,358 [INFO] Scraped Book: Behind Closed Doors.
2025-02-13 10:56:49,134 [INFO] Scraped Book: Poisonous (Max Revere Novels #3).
2025-02-13 10:56:49,310 [INFO] Scraped Book: Twilight (Twilight #1).
2025-02-13 10:56:49,604 [INFO] Scraped Book: You can't bury them all: Poems.
2025-02-13 10:56:50,320 [INFO] Scraped Book: One with You (Crossfire #5).
2025-02-13 10:56:50,535 [INFO] Scraped Book: Twenties Girl.
2025-02-13 10:56:50,705 [INFO] Scraped Book: Slow States of Collapse: Poems.
2025-02-13 10:56:51,621 [INFO] Scraped Book: No Love Allowed (Dodge Cove #1).
2025-02-13 10:56:51,684 [INFO] Scraped Book: Trespassing Across America: One Man's Epic, Never-Done-Before (and Sort of Illegal) Hike Across the Heartland.
2025-02-13 10:56:52,014 [INFO] Scraped Book: Reasons to Stay Alive.
2025-02-13 10:56:52,854 [INFO] Scraped Book: Murder at the 42nd Street Library (Raymond Ambler #1).
2025-02-13 10:56:52,958 [INFO] Scraped Book: Three-Martini Lunch.
2025-02-13 10:56:53,350 [INFO] Scraped Book: Private Paris (Private #10).
2025-02-13 10:56:54,132 [INFO] Scraped Book: Most Wanted.
2025-02-13 10:56:54,133 [INFO] Scraped Book: Thinking, Fast and Slow.
2025-02-13 10:56:54,693 [INFO] Scraped Book: #HigherSelfie: Wake Up Your Life. Free Your Soul. Find Your Tribe..
2025-02-13 10:56:55,504 [INFO] Scraped Book: The Wild Robot.
2025-02-13 10:56:55,505 [INFO] Scraped Book: Love, Lies and Spies.
2025-02-13 10:56:56,022 [INFO] Scraped Book: Without Borders (Wanderlove #1).
2025-02-13 10:56:56,714 [INFO] Scraped Book: The Wicked + The Divine, Vol. 3: Commercial Suicide (The Wicked + The Divine).
2025-02-13 10:56:56,809 [INFO] Scraped Book: How to Speak Golf: An Illustrated Guide to Links Lingo.
2025-02-13 10:56:57,251 [INFO] Scraped Book: When We Collided.
2025-02-13 10:56:57,797 [INFO] Scraped Book: The Undomestic Goddess.
2025-02-13 10:56:57,968 [INFO] Scraped Book: Hide Away (Eve Duncan #20).
2025-02-13 10:56:58,554 [INFO] Scraped Book: We Love You, Charlie Freeman.
2025-02-13 10:56:59,002 [INFO] Scraped Book: The Travelers.
2025-02-13 10:56:59,284 [INFO] Scraped Book: Furiously Happy: A Funny Book About Horrible Things.
2025-02-13 10:56:59,871 [INFO] Scraped Book: Untitled Collection: Sabbath Poems 2014.
2025-02-13 10:57:00,124 [INFO] Scraped Book: The Tipping Point: How Little Things Can Make a Big Difference.
2025-02-13 10:57:00,414 [INFO] Scraped Book: Everyday Italian: 125 Simple and Delicious Recipes.
2025-02-13 10:57:01,004 [INFO] Scraped Book: Unseen City: The Majesty of Pigeons, the Discreet Charm of Snails & Other Wonders of the Urban Wilderness.
2025-02-13 10:57:01,443 [INFO] Scraped Book: The Thing About Jellyfish.
2025-02-13 10:57:01,609 [INFO] Scraped Book: Equal Is Unfair: America's Misguided Fight Against Income Inequality.
2025-02-13 10:57:02,268 [INFO] Scraped Book: Unicorn Tracks.
2025-02-13 10:57:02,673 [INFO] Scraped Book: The Stand.
2025-02-13 10:57:02,810 [INFO] Scraped Book: Eleanor & Park.
2025-02-13 10:57:03,530 [INFO] Scraped Book: Unbound: How Eight Technologies Made Us Human, Transformed Society, and Brought Our World to the Brink.
2025-02-13 10:57:03,938 [INFO] Scraped Book: The Smitten Kitchen Cookbook.
2025-02-13 10:57:04,027 [INFO] Scraped Book: Dirty (Dive Bar #1).
2025-02-13 10:57:04,746 [INFO] Scraped Book: Tsubasa: WoRLD CHRoNiCLE 2 (Tsubasa WoRLD CHRoNiCLE #2).
2025-02-13 10:57:05,258 [INFO] Scraped Book: The Silkworm (Cormoran Strike #2).
2025-02-13 10:57:05,349 [INFO] Scraped Book: Can You Keep a Secret? (Fear Street Relaunch #4).
2025-02-13 10:57:06,106 [INFO] Scraped Book: Throwing Rocks at the Google Bus: How Growth Became the Enemy of Prosperity.
2025-02-13 10:57:06,507 [INFO] Scraped Book: Boar Island (Anna Pigeon #19).
2025-02-13 10:57:06,581 [INFO] Scraped Book: The Sandman, Vol. 3: Dream Country (The Sandman (volumes) #3).
2025-02-13 10:57:07,440 [INFO] Scraped Book: This One Summer.
2025-02-13 10:57:07,813 [INFO] Scraped Book: The Rose & the Dagger (The Wrath and the Dawn #2).
2025-02-13 10:57:07,843 [INFO] Scraped Book: A Paris Apartment.
2025-02-13 10:57:08,702 [INFO] Scraped Book: Thirst.
2025-02-13 10:57:09,065 [INFO] Scraped Book: The Road to Little Dribbling: Adventures of an American in Britain (Notes From a Small Island #2).
2025-02-13 10:57:09,085 [INFO] Scraped Book: A la Mode: 120 Recipes in 60 Pairings: Pies, Tarts, Cakes, Crisps, and More Topped with Ice Cream, Gelato, Frozen Custard, and More.
2025-02-13 10:57:09,897 [INFO] Scraped Book: The Torch Is Passed: A Harding Family Story.
2025-02-13 10:57:10,376 [INFO] Scraped Book: The Rise of Theodore Roosevelt (Theodore Roosevelt #1).
2025-02-13 10:57:10,432 [INFO] Scraped Book: Troublemaker: Surviving Hollywood and Scientology.
2025-02-13 10:57:11,224 [INFO] Scraped Book: The Secret of Dreadwillow Carse.
2025-02-13 10:57:11,518 [INFO] Scraped Book: The Widow.
2025-02-13 10:57:11,679 [INFO] Scraped Book: The Restaurant at the End of the Universe (Hitchhiker's Guide to the Galaxy #2).
2025-02-13 10:57:12,427 [INFO] Scraped Book: The Pioneer Woman Cooks: Dinnertime: Comfort Classics, Freezer Food, 16-Minute Meals, and Other Delicious Ways to Solve Supper!.
2025-02-13 10:57:12,736 [INFO] Scraped Book: The Sleep Revolution: Transforming Your Life, One Night at a Time.
2025-02-13 10:57:12,982 [INFO] Scraped Book: The Rest Is Noise: Listening to the Twentieth Century.
2025-02-13 10:57:13,728 [INFO] Scraped Book: The Past Never Ends.
2025-02-13 10:57:14,006 [INFO] Scraped Book: The Improbability of Love.
2025-02-13 10:57:14,224 [INFO] Scraped Book: The Red Tent.
2025-02-13 10:57:14,920 [INFO] Scraped Book: The Natural History of Us (The Fine Art of Pretending #2).
2025-02-13 10:57:15,234 [INFO] Scraped Book: The Art of Startup Fundraising.
2025-02-13 10:57:15,538 [INFO] Scraped Book: The Purpose Driven Life: What on Earth Am I Here for?.
2025-02-13 10:57:16,224 [INFO] Scraped Book: The Nameless City (The Nameless City #1).
2025-02-13 10:57:16,533 [INFO] Scraped Book: Take Me Home Tonight (Rock Star Romance #3).
2025-02-13 10:57:16,751 [INFO] Scraped Book: The Purest Hook (Second Circle Tattoos #3).
2025-02-13 10:57:17,382 [INFO] Scraped Book: The Murder That Never Was (Forensic Instincts #5).
2025-02-13 10:57:17,827 [INFO] Scraped Book: Sleeping Giants (Themis Files #1).
2025-02-13 10:57:17,902 [INFO] Scraped Book: The Picture of Dorian Gray.
2025-02-13 10:57:18,774 [INFO] Scraped Book: The Most Perfect Thing: Inside (and Outside) a Bird's Egg.
2025-02-13 10:57:19,067 [INFO] Scraped Book: The Paris Wife.
2025-02-13 10:57:19,087 [INFO] Scraped Book: Setting the World on Fire: The Brief, Astonishing Life of St. Catherine of Siena.
2025-02-13 10:57:20,045 [INFO] Scraped Book: The Mindfulness and Acceptance Workbook for Anxiety: A Guide to Breaking Free from Anxiety, Phobias, and Worry Using Acceptance and Commitment Therapy.
2025-02-13 10:57:20,339 [INFO] Scraped Book: The Obsession.
2025-02-13 10:57:20,395 [INFO] Scraped Book: Playing with Fire.
2025-02-13 10:57:21,235 [INFO] Scraped Book: The Life-Changing Magic of Tidying Up: The Japanese Art of Decluttering and Organizing.
2025-02-13 10:57:21,526 [INFO] Scraped Book: The Nightingale.
2025-02-13 10:57:21,612 [INFO] Scraped Book: Off the Hook (Fishing for Trouble #1).
2025-02-13 10:57:22,465 [INFO] Scraped Book: The Inefficiency Assassin: Time Management Tactics for Working Smarter, Not Longer.
2025-02-13 10:57:22,856 [INFO] Scraped Book: Mothering Sunday.
2025-02-13 10:57:22,877 [INFO] Scraped Book: The New Guy (and Other Senior Year Distractions).
2025-02-13 10:57:23,656 [INFO] Scraped Book: The Gutsy Girl: Escapades for Your Life of Epic Adventure.
2025-02-13 10:57:24,140 [INFO] Scraped Book: Mother, Can You Not?.
2025-02-13 10:57:24,171 [INFO] Scraped Book: The Nanny Diaries (Nanny #1).
2025-02-13 10:57:24,950 [INFO] Scraped Book: The Electric Pencil: Drawings from Inside State Hospital No. 3.
2025-02-13 10:57:25,446 [INFO] Scraped Book: M Train.
2025-02-13 10:57:25,489 [INFO] Scraped Book: The Name of God is Mercy.
2025-02-13 10:57:26,122 [INFO] Scraped Book: The Death of Humanity: and the Case for Life.
2025-02-13 10:57:26,592 [INFO] Scraped Book: Lilac Girls.
2025-02-13 10:57:26,650 [INFO] Scraped Book: The Maze Runner (The Maze Runner #1).
2025-02-13 10:57:27,350 [INFO] Scraped Book: The Bulletproof Diet: Lose up to a Pound a Day, Reclaim Energy and Focus, Upgrade Your Life.
2025-02-13 10:57:27,724 [INFO] Scraped Book: Lies and Other Acts of Love.
2025-02-13 10:57:27,935 [INFO] Scraped Book: The Lover's Dictionary.
2025-02-13 10:57:28,679 [INFO] Scraped Book: The Art Forger.
2025-02-13 10:57:29,027 [INFO] Scraped Book: Lab Girl.
2025-02-13 10:57:29,279 [INFO] Scraped Book: The Lonely Ones.
2025-02-13 10:57:30,005 [INFO] Scraped Book: The Age of Genius: The Seventeenth Century and the Birth of the Modern Mind.
2025-02-13 10:57:30,335 [INFO] Scraped Book: Keep Me Posted.
2025-02-13 10:57:30,579 [INFO] Scraped Book: The Lean Startup: How Today's Entrepreneurs Use Continuous Innovation to Create Radically Successful Businesses.
2025-02-13 10:57:31,236 [INFO] Scraped Book: The Activist's Tao Te Ching: Ancient Advice for a Modern Revolution.
2025-02-13 10:57:31,617 [INFO] Scraped Book: It Didn't Start with You: How Inherited Family Trauma Shapes Who We Are and How to End the Cycle.
2025-02-13 10:57:31,822 [INFO] Scraped Book: The Last Painting of Sara de Vos.
2025-02-13 10:57:32,591 [INFO] Scraped Book: Spark Joy: An Illustrated Master Class on the Art of Organizing and Tidying Up.
2025-02-13 10:57:32,802 [INFO] Scraped Book: Grey (Fifty Shades #4).
2025-02-13 10:57:33,135 [INFO] Scraped Book: The Land of 10,000 Madonnas.
2025-02-13 10:57:33,795 [INFO] Scraped Book: Soul Reader.
2025-02-13 10:57:34,020 [INFO] Scraped Book: Exit, Pursued by a Bear.
2025-02-13 10:57:34,460 [INFO] Scraped Book: The Infinities.
2025-02-13 10:57:35,069 [INFO] Scraped Book: Security.
2025-02-13 10:57:35,326 [INFO] Scraped Book: Daredevils.
2025-02-13 10:57:35,763 [INFO] Scraped Book: The Husband's Secret.
2025-02-13 10:57:36,316 [INFO] Scraped Book: Saga, Volume 6 (Saga (Collected Editions) #6).
2025-02-13 10:57:36,668 [INFO] Scraped Book: Cravings: Recipes for What You Want to Eat.
2025-02-13 10:57:36,891 [INFO] Scraped Book: The Hitchhiker's Guide to the Galaxy (Hitchhiker's Guide to the Galaxy #1).
2025-02-13 10:57:37,542 [INFO] Scraped Book: Saga, Volume 5 (Saga (Collected Editions) #5).
2025-02-13 10:57:37,834 [INFO] Scraped Book: Born for This: How to Find the Work You Were Meant to Do.
2025-02-13 10:57:38,182 [INFO] Scraped Book: The Guns of August.
2025-02-13 10:57:38,844 [INFO] Scraped Book: Reskilling America: Learning to Labor in the Twenty-First Century.
2025-02-13 10:57:39,033 [INFO] Scraped Book: Arena.
2025-02-13 10:57:39,416 [INFO] Scraped Book: The Guernsey Literary and Potato Peel Pie Society.
2025-02-13 10:57:40,167 [INFO] Scraped Book: Rat Queens, Vol. 3: Demons (Rat Queens (Collected Editions) #11-15).
2025-02-13 10:57:40,186 [INFO] Scraped Book: Adultery.
2025-02-13 10:57:40,684 [INFO] Scraped Book: The Goldfinch.
2025-02-13 10:57:41,637 [INFO] Scraped Book: A Mother's Reckoning: Living in the Aftermath of Tragedy.
2025-02-13 10:57:41,658 [INFO] Scraped Book: Princess Jellyfish 2-in-1 Omnibus, Vol. 01 (Princess Jellyfish 2-in-1 Omnibus #1).
2025-02-13 10:57:41,905 [INFO] Scraped Book: The Giver (The Giver Quartet #1).
2025-02-13 10:57:42,848 [INFO] Scraped Book: A Gentleman's Position (Society of Gentlemen #3).
2025-02-13 10:57:42,916 [INFO] Scraped Book: Princess Between Worlds (Wide-Awake Princess #5).
2025-02-13 10:57:43,179 [INFO] Scraped Book: The Girl with All the Gifts.
2025-02-13 10:57:44,202 [INFO] Scraped Book: 11/22/63.
2025-02-13 10:57:44,224 [INFO] Scraped Book: Pop Gun War, Volume 1: Gift.
2025-02-13 10:57:44,369 [INFO] Scraped Book: The Girl Who Played with Fire (Millennium Trilogy #2).
2025-02-13 10:57:45,303 [INFO] Scraped Book: Political Suicide: Missteps, Peccadilloes, Bad Calls, Backroom Hijinx, Sordid Pasts, Rotten Breaks, and Just Plain Dumb Mistakes in the Annals of American Politics.
2025-02-13 10:57:45,502 [INFO] Scraped Book: 10% Happier: How I Tamed the Voice in My Head, Reduced Stress Without Losing My Edge, and Found Self-Help That Actually Works.
2025-02-13 10:57:45,643 [INFO] Scraped Book: The Girl Who Kicked the Hornet's Nest (Millennium Trilogy #3).
2025-02-13 10:57:46,519 [INFO] Scraped Book: Patience.
2025-02-13 10:57:46,694 [INFO] Scraped Book: 10-Day Green Smoothie Cleanse: Lose Up to 15 Pounds in 10 Days!.
2025-02-13 10:57:46,856 [INFO] Scraped Book: The Exiled.
2025-02-13 10:57:47,706 [INFO] Scraped Book: Outcast, Vol. 1: A Darkness Surrounds Him (Outcast #1).
2025-02-13 10:57:47,988 [INFO] Scraped Book: Without Shame.
2025-02-13 10:57:48,050 [INFO] Scraped Book: The End of Faith: Religion, Terror, and the Future of Reason.
2025-02-13 10:57:48,991 [INFO] Scraped Book: orange: The Complete Collection 1 (orange: The Complete Collection #1).
2025-02-13 10:57:49,267 [INFO] Scraped Book: Watchmen.
2025-02-13 10:57:49,344 [INFO] Scraped Book: The Elegant Universe: Superstrings, Hidden Dimensions, and the Quest for the Ultimate Theory.
2025-02-13 10:57:50,196 [INFO] Scraped Book: Online Marketing for Busy Authors: A Step-By-Step Guide.
2025-02-13 10:57:50,536 [INFO] Scraped Book: Unlimited Intuition Now.
2025-02-13 10:57:50,708 [INFO] Scraped Book: The Disappearing Spoon: And Other True Tales of Madness, Love, and the History of the World from the Periodic Table of the Elements.
2025-02-13 10:57:51,391 [INFO] Scraped Book: On a Midnight Clear.
2025-02-13 10:57:51,756 [INFO] Scraped Book: Underlying Notes.
2025-02-13 10:57:51,893 [INFO] Scraped Book: The Devil Wears Prada (The Devil Wears Prada #1).
2025-02-13 10:57:52,720 [INFO] Scraped Book: Obsidian (Lux #1).
2025-02-13 10:57:53,065 [INFO] Scraped Book: The Shack.
2025-02-13 10:57:53,074 [INFO] Scraped Book: The Demon-Haunted World: Science as a Candle in the Dark.
2025-02-13 10:57:53,951 [INFO] Scraped Book: My Paris Kitchen: Recipes and Stories.
2025-02-13 10:57:54,283 [INFO] Scraped Book: The New Brand You: Your New Image Makes the Sale for You.
2025-02-13 10:57:54,372 [INFO] Scraped Book: The Day the Crayons Came Home (Crayons).
2025-02-13 10:57:55,180 [INFO] Scraped Book: Masks and Shadows.
2025-02-13 10:57:55,586 [INFO] Scraped Book: The Da Vinci Code (Robert Langdon #2).
2025-02-13 10:57:55,588 [INFO] Scraped Book: The Moosewood Cookbook: Recipes from Moosewood Restaurant, Ithaca, New York.
2025-02-13 10:57:56,507 [INFO] Scraped Book: Mama Tried: Traditional Italian Cooking for the Screwed, Crude, Vegan, and Tattooed.
2025-02-13 10:57:56,747 [INFO] Scraped Book: The Cuckoo's Calling (Cormoran Strike #1).
2025-02-13 10:57:56,843 [INFO] Scraped Book: The Flowers Lied.
2025-02-13 10:57:57,796 [INFO] Scraped Book: Lumberjanes, Vol. 2: Friendship to the Max (Lumberjanes #5-8).
2025-02-13 10:57:58,014 [INFO] Scraped Book: The Complete Stories and Poems (The Works of Edgar Allan Poe [Cameo Edition]).
2025-02-13 10:57:58,094 [INFO] Scraped Book: The Fabric of the Cosmos: Space, Time, and the Texture of Reality.
2025-02-13 10:57:59,039 [INFO] Scraped Book: Lumberjanes, Vol. 1: Beware the Kitten Holy (Lumberjanes #1-4).
2025-02-13 10:57:59,190 [INFO] Scraped Book: The Complete Poems.
2025-02-13 10:57:59,303 [INFO] Scraped Book: The Book of Mormon.
2025-02-13 10:58:00,224 [INFO] Scraped Book: Lumberjanes Vol. 3: A Terrible Plan (Lumberjanes #9-12).
2025-02-13 10:58:00,443 [INFO] Scraped Book: The Catcher in the Rye.
2025-02-13 10:58:00,596 [INFO] Scraped Book: The Art and Science of Low Carbohydrate Living.
2025-02-13 10:58:01,522 [INFO] Scraped Book: Layered: Baking, Building, and Styling Spectacular Cakes.
2025-02-13 10:58:01,672 [INFO] Scraped Book: The Cat in the Hat (Beginner Books B-1).
2025-02-13 10:58:01,888 [INFO] Scraped Book: The Alien Club.
2025-02-13 10:58:02,826 [INFO] Scraped Book: The Case for Christ (Cases for Christianity).
2025-02-13 10:58:02,833 [INFO] Scraped Book: Judo: Seven Steps to Black Belt (an Introductory Guide for Beginners).
2025-02-13 10:58:02,949 [INFO] Scraped Book: Suzie Snowflake: One beautiful flake (a self-esteem story).
2025-02-13 10:58:03,984 [INFO] Scraped Book: The Book Thief.
2025-02-13 10:58:04,038 [INFO] Scraped Book: Join.
2025-02-13 10:58:04,229 [INFO] Scraped Book: Nap-a-Roo.
2025-02-13 10:58:05,216 [INFO] Scraped Book: The Book of Basketball: The NBA According to The Sports Guy.
2025-02-13 10:58:05,300 [INFO] Scraped Book: In the Country We Love: My Family Divided.
2025-02-13 10:58:05,496 [INFO] Scraped Book: NaNo What Now? Finding your editing process, revising your NaNoWriMo book and building a writing career through publishing and beyond.
2025-02-13 10:58:06,457 [INFO] Scraped Book: The Blind Side: Evolution of a Game.
2025-02-13 10:58:06,521 [INFO] Scraped Book: Immunity: How Elie Metchnikoff Changed the Course of Modern Medicine.
2025-02-13 10:58:06,777 [INFO] Scraped Book: Modern Day Fables.
2025-02-13 10:58:07,717 [INFO] Scraped Book: I Hate Fairyland, Vol. 1: Madly Ever After (I Hate Fairyland (Compilations) #1-5).
2025-02-13 10:58:07,798 [INFO] Scraped Book: The Autobiography of Malcolm X.
2025-02-13 10:58:07,865 [INFO] Scraped Book: If I Gave You God's Phone Number....: Searching for Spirituality in America.
2025-02-13 10:58:09,088 [INFO] Scraped Book: I am a Hero Omnibus Volume 1.
2025-02-13 10:58:09,151 [INFO] Scraped Book: Fruits Basket, Vol. 9 (Fruits Basket #9).
2025-02-13 10:58:09,177 [INFO] Scraped Book: The Art of Simple Food: Notes, Lessons, and Recipes from a Delicious Revolution.
2025-02-13 10:58:10,296 [INFO] Scraped Book: How to Be Miserable: 40 Strategies You Already Use.
2025-02-13 10:58:10,366 [INFO] Scraped Book: The Art of Fielding.
2025-02-13 10:58:10,397 [INFO] Scraped Book: Dress Your Family in Corduroy and Denim.
2025-02-13 10:58:11,583 [INFO] Scraped Book: Surely You're Joking, Mr. Feynman!: Adventures of a Curious Character.
2025-02-13 10:58:11,602 [INFO] Scraped Book: Don't Forget Steven.
2025-02-13 10:58:11,610 [INFO] Scraped Book: Her Backup Boyfriend (The Sorensen Family #1).
2025-02-13 10:58:12,764 [INFO] Scraped Book: Giant Days, Vol. 2 (Giant Days #5-8).
2025-02-13 10:58:12,847 [INFO] Scraped Book: Chernobyl 01:23:40: The Incredible True Story of the World's Worst Nuclear Disaster.
2025-02-13 10:58:12,900 [INFO] Scraped Book: Stiff: The Curious Lives of Human Cadavers.
2025-02-13 10:58:14,040 [INFO] Scraped Book: Art and Fear: Observations on the Perils (and Rewards) of Artmaking.
2025-02-13 10:58:14,071 [INFO] Scraped Book: Forever and Forever: The Courtship of Henry Longfellow and Fanny Appleton.
2025-02-13 10:58:14,147 [INFO] Scraped Book: Spilled Milk: Based on a True Story.
2025-02-13 10:58:15,243 [INFO] Scraped Book: Something Borrowed (Darcy & Rachel #1).
2025-02-13 10:58:15,345 [INFO] Scraped Book: A Shard of Ice (The Black Symphony Saga #1).
2025-02-13 10:58:15,388 [INFO] Scraped Book: First and First (Five Boroughs #3).
2025-02-13 10:58:16,460 [INFO] Scraped Book: Something Blue (Darcy & Rachel #2).
2025-02-13 10:58:16,599 [INFO] Scraped Book: Fifty Shades Darker (Fifty Shades #2).
2025-02-13 10:58:16,620 [INFO] Scraped Book: A Hero's Curse (The Unseen Chronicles #1).
2025-02-13 10:58:17,767 [INFO] Scraped Book: Everydata: The Misinformation Hidden in the Little Data You Consume Every Day.
2025-02-13 10:58:17,809 [INFO] Scraped Book: Soldier (Talon #3).
2025-02-13 10:58:17,893 [INFO] Scraped Book: 23 Degrees South: A Tropical Tale of Changing Whether....
2025-02-13 10:58:19,055 [INFO] Scraped Book: Don't Be a Jerk: And Other Practical Advice from Dogen, Japan's Greatest Zen Master.
2025-02-13 10:58:19,123 [INFO] Scraped Book: Shopaholic & Baby (Shopaholic #5).
2025-02-13 10:58:19,136 [INFO] Scraped Book: Zero to One: Notes on Startups, or How to Build the Future.
2025-02-13 10:58:20,253 [INFO] Scraped Book: Danganronpa Volume 1.
2025-02-13 10:58:20,420 [INFO] Scraped Book: Why Not Me?.
2025-02-13 10:58:20,446 [INFO] Scraped Book: Seven Days in the Art World.
2025-02-13 10:58:21,547 [INFO] Scraped Book: Crown of Midnight (Throne of Glass #2).
2025-02-13 10:58:21,638 [INFO] Scraped Book: When Breath Becomes Air.
2025-02-13 10:58:21,673 [INFO] Scraped Book: Seven Brief Lessons on Physics.
2025-02-13 10:58:22,812 [INFO] Scraped Book: Vagabonding: An Uncommon Guide to the Art of Long-Term World Travel.
2025-02-13 10:58:22,860 [INFO] Scraped Book: Codename Baboushka, Volume 1: The Conclave of Death.
2025-02-13 10:58:22,959 [INFO] Scraped Book: Scarlet (The Lunar Chronicles #2).
2025-02-13 10:58:23,911 [INFO] Scraped Book: The Unlikely Pilgrimage of Harold Fry (Harold Fry #1).
2025-02-13 10:58:24,069 [INFO] Scraped Book: Camp Midnight.
2025-02-13 10:58:24,188 [INFO] Scraped Book: Sarah's Key.
2025-02-13 10:58:25,087 [INFO] Scraped Book: The New Drawing on the Right Side of the Brain.
2025-02-13 10:58:25,281 [INFO] Scraped Book: Saga, Volume 3 (Saga (Collected Editions) #3).
2025-02-13 10:58:25,392 [INFO] Scraped Book: Call the Nurse: True Stories of a Country Nurse on a Scottish Isle.
2025-02-13 10:58:26,290 [INFO] Scraped Book: The Midnight Assassin: Panic, Scandal, and the Hunt for America's First Serial Killer.
2025-02-13 10:58:26,478 [INFO] Scraped Book: Running with Scissors.
2025-02-13 10:58:26,649 [INFO] Scraped Book: Burning.
2025-02-13 10:58:27,525 [INFO] Scraped Book: The Martian (The Martian #1).
2025-02-13 10:58:27,772 [INFO] Scraped Book: Rogue Lawyer (Rogue Lawyer #1).
2025-02-13 10:58:27,933 [INFO] Scraped Book: Bossypants.
2025-02-13 10:58:28,816 [INFO] Scraped Book: The High Mountains of Portugal.
2025-02-13 10:58:28,885 [INFO] Scraped Book: Rise of the Rocket Girls: The Women Who Propelled Us, from Missiles to the Moon to Mars.
2025-02-13 10:58:29,236 [INFO] Scraped Book: Bitch Planet, Vol. 1: Extraordinary Machine (Bitch Planet (Collected Editions)).
2025-02-13 10:58:30,132 [INFO] Scraped Book: The Grownup.
2025-02-13 10:58:30,202 [INFO] Scraped Book: Rework.
2025-02-13 10:58:30,483 [INFO] Scraped Book: Avatar: The Last Airbender: Smoke and Shadow, Part 3 (Smoke and Shadow #3).
2025-02-13 10:58:31,482 [INFO] Scraped Book: The E-Myth Revisited: Why Most Small Businesses Don't Work and What to Do About It.
2025-02-13 10:58:31,515 [INFO] Scraped Book: Reservations for Two.
2025-02-13 10:58:31,711 [INFO] Scraped Book: Algorithms to Live By: The Computer Science of Human Decisions.
2025-02-13 10:58:32,638 [INFO] Scraped Book: South of Sunshine.
2025-02-13 10:58:32,839 [INFO] Scraped Book: Red: The True Story of Red Riding Hood.
2025-02-13 10:58:32,986 [INFO] Scraped Book: A World of Flavor: Your Gluten Free Passport.
2025-02-13 10:58:34,011 [INFO] Scraped Book: Smarter Faster Better: The Secrets of Being Productive in Life and Business.
2025-02-13 10:58:34,087 [INFO] Scraped Book: Ready Player One.
2025-02-13 10:58:34,264 [INFO] Scraped Book: A Piece of Sky, a Grain of Rice: A Memoir in Four Meditations.
2025-02-13 10:58:35,304 [INFO] Scraped Book: Quiet: The Power of Introverts in a World That Can't Stop Talking.
2025-02-13 10:58:35,331 [INFO] Scraped Book: Silence in the Dark (Logan Point #4).
2025-02-13 10:58:35,534 [INFO] Scraped Book: A Murder in Time.
2025-02-13 10:58:36,450 [INFO] Scraped Book: Prodigy: The Graphic Novel (Legend: The Graphic Novel #2).
2025-02-13 10:58:36,622 [INFO] Scraped Book: Shadows of the Past (Logan Point #1).
2025-02-13 10:58:36,832 [INFO] Scraped Book: A Flight of Arrows (The Pathfinders #2).
2025-02-13 10:58:37,689 [INFO] Scraped Book: Persepolis: The Story of a Childhood (Persepolis #1-2).
2025-02-13 10:58:37,908 [INFO] Scraped Book: Roller Girl.
2025-02-13 10:58:38,043 [INFO] Scraped Book: A Fierce and Subtle Poison.
2025-02-13 10:58:38,995 [INFO] Scraped Book: Packing for Mars: The Curious Science of Life in the Void.
2025-02-13 10:58:39,170 [INFO] Scraped Book: Rising Strong.
2025-02-13 10:58:39,357 [INFO] Scraped Book: A Court of Thorns and Roses (A Court of Thorns and Roses #1).
2025-02-13 10:58:40,357 [INFO] Scraped Book: Outliers: The Story of Success.
2025-02-13 10:58:40,467 [INFO] Scraped Book: Proofs of God: Classical Arguments from Tertullian to Barth.
2025-02-13 10:58:40,625 [INFO] Scraped Book: (Un)Qualified: How God Uses Broken People to Do Big Things.
2025-02-13 10:58:41,558 [INFO] Scraped Book: Please Kill Me: The Uncensored Oral History of Punk.
2025-02-13 10:58:41,642 [INFO] Scraped Book: Original Fake.
2025-02-13 10:58:41,845 [INFO] Scraped Book: You Are What You Love: The Spiritual Power of Habit.
2025-02-13 10:58:42,902 [INFO] Scraped Book: Out of Print: City Lights Spotlight No. 14.
2025-02-13 10:58:42,961 [INFO] Scraped Book: Orange Is the New Black.
2025-02-13 10:58:43,094 [INFO] Scraped Book: William Shakespeare's Star Wars: Verily, A New Hope (William Shakespeare's Star Wars #4).
2025-02-13 10:58:44,058 [INFO] Scraped Book: One for the Money (Stephanie Plum #1).
2025-02-13 10:58:44,121 [INFO] Scraped Book: My Life Next Door (My Life Next Door ).
2025-02-13 10:58:44,178 [INFO] Scraped Book: Tuesday Nights in 1980.
2025-02-13 10:58:45,413 [INFO] Scraped Book: Miller's Valley.
2025-02-13 10:58:45,439 [INFO] Scraped Book: Notes from a Small Island (Notes From a Small Island #1).
2025-02-13 10:58:45,495 [INFO] Scraped Book: Tracing Numbers on a Train.
2025-02-13 10:58:46,561 [INFO] Scraped Book: Night (The Night Trilogy #1).
2025-02-13 10:58:46,721 [INFO] Scraped Book: Throne of Glass (Throne of Glass #1).
2025-02-13 10:58:46,752 [INFO] Scraped Book: Man's Search for Meaning.
2025-02-13 10:58:47,846 [INFO] Scraped Book: Neither Here nor There: Travels in Europe.
2025-02-13 10:58:48,039 [INFO] Scraped Book: Thomas Jefferson and the Tripoli Pirates: The Forgotten War That Changed American History.
2025-02-13 10:58:48,048 [INFO] Scraped Book: Love That Boy: What Two Presidents, Eight Road Trips, and My Son Taught Me About a Parent's Expectations.
2025-02-13 10:58:49,142 [INFO] Scraped Book: Naked.
2025-02-13 10:58:49,207 [INFO] Scraped Book: Living Forward: A Proven Plan to Stop Drifting and Get the Life You Want.
2025-02-13 10:58:49,225 [INFO] Scraped Book: Thirteen Reasons Why.
2025-02-13 10:58:50,462 [INFO] Scraped Book: The White Cat and the Monk: A Retelling of the Poem “Pangur Bán”.
2025-02-13 10:58:50,481 [INFO] Scraped Book: Morning Star (Red Rising #3).
2025-02-13 10:58:50,545 [INFO] Scraped Book: Les Fleurs du Mal.
2025-02-13 10:58:51,539 [INFO] Scraped Book: The Wedding Dress.
2025-02-13 10:58:51,719 [INFO] Scraped Book: Miracles from Heaven: A Little Girl, Her Journey to Heaven, and Her Amazing Story of Healing.
2025-02-13 10:58:51,802 [INFO] Scraped Book: Left Behind (Left Behind #1).
2025-02-13 10:58:52,800 [INFO] Scraped Book: The Vacationers.
2025-02-13 10:58:53,073 [INFO] Scraped Book: Midnight Riot (Peter Grant/ Rivers of London - books #1).
2025-02-13 10:58:53,098 [INFO] Scraped Book: Kill 'Em and Leave: Searching for James Brown and the American Soul.
2025-02-13 10:58:54,095 [INFO] Scraped Book: The Third Wave: An Entrepreneur’s Vision of the Future.
2025-02-13 10:58:54,226 [INFO] Scraped Book: Kierkegaard: A Christian Missionary to Christians.
2025-02-13 10:58:54,351 [INFO] Scraped Book: Me Talk Pretty One Day.
2025-02-13 10:58:55,431 [INFO] Scraped Book: The Stranger.
2025-02-13 10:58:55,479 [INFO] Scraped Book: John Vassos: Industrial Design for Modern Life.
2025-02-13 10:58:55,608 [INFO] Scraped Book: Manuscript Found in Accra.
2025-02-13 10:58:56,609 [INFO] Scraped Book: The Shadow Hero (The Shadow Hero).
2025-02-13 10:58:56,787 [INFO] Scraped Book: Lust & Wonder.
2025-02-13 10:58:56,810 [INFO] Scraped Book: I'll Give You the Sun.
2025-02-13 10:58:57,878 [INFO] Scraped Book: The Secret (The Secret #1).
2025-02-13 10:58:57,943 [INFO] Scraped Book: I Will Find You.
2025-02-13 10:58:57,976 [INFO] Scraped Book: Lila (Gilead #3).
2025-02-13 10:58:59,107 [INFO] Scraped Book: Hystopia: A Novel.
2025-02-13 10:58:59,181 [INFO] Scraped Book: The Regional Office Is Under Attack!.
2025-02-13 10:58:59,275 [INFO] Scraped Book: Life, the Universe and Everything (Hitchhiker's Guide to the Galaxy #3).
2025-02-13 10:59:00,938 [INFO] Scraped Book: The Psychopath Test: A Journey Through the Madness Industry.
2025-02-13 10:59:00,949 [INFO] Scraped Book: Howl and Other Poems.
2025-02-13 10:59:01,161 [INFO] Scraped Book: Life Without a Recipe.
2025-02-13 10:59:02,286 [INFO] Scraped Book: The Project.
2025-02-13 10:59:02,296 [INFO] Scraped Book: History of Beauty.
2025-02-13 10:59:02,530 [INFO] Scraped Book: Life After Life.
2025-02-13 10:59:03,507 [INFO] Scraped Book: The Power of Now: A Guide to Spiritual Enlightenment.
2025-02-13 10:59:03,570 [INFO] Scraped Book: Heaven is for Real: A Little Boy's Astounding Story of His Trip to Heaven and Back.
2025-02-13 10:59:03,831 [INFO] Scraped Book: Letter to a Christian Nation.
2025-02-13 10:59:04,913 [INFO] Scraped Book: The Omnivore's Dilemma: A Natural History of Four Meals.
2025-02-13 10:59:04,934 [INFO] Scraped Book: Future Shock (Future Shock #1).
2025-02-13 10:59:05,173 [INFO] Scraped Book: Let's Pretend This Never Happened: A Mostly True Memoir.
2025-02-13 10:59:06,092 [INFO] Scraped Book: The Nerdy Nummies Cookbook: Sweet Treats for the Geek in All of Us.
2025-02-13 10:59:06,246 [INFO] Scraped Book: Ender's Game (The Ender Quintet #1).
2025-02-13 10:59:06,329 [INFO] Scraped Book: Legend (Legend #1).
2025-02-13 10:59:07,457 [INFO] Scraped Book: The Murder of Roger Ackroyd (Hercule Poirot #4).
2025-02-13 10:59:07,593 [INFO] Scraped Book: Diary of a Citizen Scientist: Chasing Tiger Beetles and Other New Ways of Engaging the World.
2025-02-13 10:59:07,653 [INFO] Scraped Book: Lean In: Women, Work, and the Will to Lead.
2025-02-13 10:59:09,268 [INFO] Scraped Book: Death by Leisure: A Cautionary Tale.
2025-02-13 10:59:09,290 [INFO] Scraped Book: The Mistake (Off-Campus #2).
2025-02-13 10:59:09,321 [INFO] Scraped Book: Lamb: The Gospel According to Biff, Christ's Childhood Pal.
2025-02-13 10:59:10,824 [INFO] Scraped Book: Brilliant Beacons: A History of the American Lighthouse.
2025-02-13 10:59:10,897 [INFO] Scraped Book: The Matchmaker's Playbook (Wingmen Inc. #1).
2025-02-13 10:59:10,916 [INFO] Scraped Book: Lady Renegades (Rebel Belle #3).
2025-02-13 10:59:12,255 [INFO] Scraped Book: Brazen: The Courage to Find the You That's Been Hiding.
2025-02-13 10:59:12,329 [INFO] Scraped Book: The Love and Lemons Cookbook: An Apple-to-Zucchini Celebration of Impromptu Cooking.
2025-02-13 10:59:12,345 [INFO] Scraped Book: Jurassic Park (Jurassic Park #1).
2025-02-13 10:59:13,607 [INFO] Scraped Book: Between the World and Me.
2025-02-13 10:59:13,717 [INFO] Scraped Book: It's Never Too Late to Begin Again: Discovering Creativity and Meaning at Midlife and Beyond.
2025-02-13 10:59:13,762 [INFO] Scraped Book: The Long Shadow of Small Ghosts: Murder and Memory in an American City.
2025-02-13 10:59:14,979 [INFO] Scraped Book: Being Mortal: Medicine and What Matters in the End.
2025-02-13 10:59:15,077 [INFO] Scraped Book: The Kite Runner.
2025-02-13 10:59:15,120 [INFO] Scraped Book: Is Everyone Hanging Out Without Me? (And Other Concerns).
2025-02-13 10:59:16,329 [INFO] Scraped Book: A Murder Over a Girl: Justice, Gender, Junior High.
2025-02-13 10:59:16,463 [INFO] Scraped Book: Into the Wild.
2025-02-13 10:59:16,500 [INFO] Scraped Book: The House by the Lake.
2025-02-13 10:59:17,736 [INFO] Scraped Book: 32 Yolks.
2025-02-13 10:59:17,960 [INFO] Scraped Book: Inferno (Robert Langdon #4).
2025-02-13 10:59:18,031 [INFO] Scraped Book: The Glittering Court (The Glittering Court #1).
2025-02-13 10:59:18,976 [INFO] Scraped Book: "Most Blessed of the Patriarchs": Thomas Jefferson and the Empire of the Imagination.
2025-02-13 10:59:19,257 [INFO] Scraped Book: In the Garden of Beasts: Love, Terror, and an American Family in Hitler's Berlin.
2025-02-13 10:59:19,337 [INFO] Scraped Book: The Girl on the Train.
2025-02-13 10:59:20,243 [INFO] Scraped Book: You Are a Badass: How to Stop Doubting Your Greatness and Start Living an Awesome Life.
2025-02-13 10:59:20,522 [INFO] Scraped Book: The Genius of Birds.
2025-02-13 10:59:20,559 [INFO] Scraped Book: If I Run (If I Run #1).
2025-02-13 10:59:21,572 [INFO] Scraped Book: Wildlife of New York: A Five-Borough Coloring Book.
2025-02-13 10:59:21,698 [INFO] Scraped Book: The Emerald Mystery.
2025-02-13 10:59:21,828 [INFO] Scraped Book: I've Got Your Number.
2025-02-13 10:59:22,798 [INFO] Scraped Book: What Happened on Beale Street (Secrets of the South Mysteries #2).
2025-02-13 10:59:22,917 [INFO] Scraped Book: The Cookies & Cups Cookbook: 125+ sweet & savory recipes reminding you to Always Eat Dessert First.
2025-02-13 10:59:23,031 [INFO] Scraped Book: I Am Malala: The Girl Who Stood Up for Education and Was Shot by the Taliban.
2025-02-13 10:59:23,980 [INFO] Scraped Book: Unreasonable Hope: Finding Faith in the God Who Brings Purpose to Your Pain.
2025-02-13 10:59:24,150 [INFO] Scraped Book: The Bridge to Consciousness: I'm Writing the Bridge Between Science and Our Old and New Beliefs..
2025-02-13 10:59:24,324 [INFO] Scraped Book: Hungry Girl Clean & Hungry: Easy All-Natural Recipes for Healthy Eating in the Real World.
2025-02-13 10:59:25,365 [INFO] Scraped Book: Under the Tuscan Sun.
2025-02-13 10:59:25,420 [INFO] Scraped Book: The Artist's Way: A Spiritual Path to Higher Creativity.
2025-02-13 10:59:25,648 [INFO] Scraped Book: House of Lost Worlds: Dinosaurs, Dynasties, and the Story of Life on Earth.
2025-02-13 10:59:26,604 [INFO] Scraped Book: Toddlers Are A**holes: It's Not Your Fault.
2025-02-13 10:59:26,742 [INFO] Scraped Book: The Art of War.
2025-02-13 10:59:27,037 [INFO] Scraped Book: House of Leaves.
2025-02-13 10:59:27,989 [INFO] Scraped Book: The Argonauts.
2025-02-13 10:59:28,030 [INFO] Scraped Book: The Year of Living Biblically: One Man's Humble Quest to Follow the Bible as Literally as Possible.
2025-02-13 10:59:28,313 [INFO] Scraped Book: Horrible Bear!.
2025-02-13 10:59:29,300 [INFO] Scraped Book: The 10% Entrepreneur: Live Your Startup Dream Without Quitting Your Day Job.
2025-02-13 10:59:29,400 [INFO] Scraped Book: The Whale.
2025-02-13 10:59:29,449 [INFO] Scraped Book: Holidays on Ice.
2025-02-13 10:59:30,423 [INFO] Scraped Book: Suddenly in Love (Lake Haven #1).
2025-02-13 10:59:30,512 [INFO] Scraped Book: Heir to the Sky.
2025-02-13 10:59:30,661 [INFO] Scraped Book: The Story of Art.
2025-02-13 10:59:31,703 [INFO] Scraped Book: Something More Than This.
2025-02-13 10:59:31,790 [INFO] Scraped Book: Green Eggs and Ham (Beginner Books B-16).
2025-02-13 10:59:31,882 [INFO] Scraped Book: The Origin of Species.
2025-02-13 10:59:33,014 [INFO] Scraped Book: Soft Apocalypse.
2025-02-13 10:59:33,080 [INFO] Scraped Book: The Great Gatsby.
2025-02-13 10:59:33,149 [INFO] Scraped Book: Grayson, Vol 3: Nemesis (Grayson #3).
2025-02-13 10:59:34,200 [INFO] Scraped Book: So You've Been Publicly Shamed.
2025-02-13 10:59:34,299 [INFO] Scraped Book: The Good Girl.
2025-02-13 10:59:34,444 [INFO] Scraped Book: Gratitude.
2025-02-13 10:59:35,489 [INFO] Scraped Book: Shoe Dog: A Memoir by the Creator of NIKE.
2025-02-13 10:59:35,530 [INFO] Scraped Book: The Glass Castle.
2025-02-13 10:59:35,706 [INFO] Scraped Book: Gone Girl.
2025-02-13 10:59:36,662 [INFO] Scraped Book: The Faith of Christopher Hitchens: The Restless Soul of the World's Most Notorious Atheist.
2025-02-13 10:59:36,757 [INFO] Scraped Book: Shobu Samurai, Project Aryoku (#3).
2025-02-13 10:59:37,011 [INFO] Scraped Book: Golden (Heart of Dread #3).
2025-02-13 10:59:37,869 [INFO] Scraped Book: The Drowning Girls.
2025-02-13 10:59:37,964 [INFO] Scraped Book: Secrets and Lace (Fatal Hearts #1).
2025-02-13 10:59:38,338 [INFO] Scraped Book: Girl in the Blue Coat.
2025-02-13 10:59:39,062 [INFO] Scraped Book: The Constant Princess (The Tudor Court #1).
2025-02-13 10:59:39,176 [INFO] Scraped Book: Scarlett Epstein Hates It Here.
2025-02-13 10:59:39,616 [INFO] Scraped Book: Fruits Basket, Vol. 3 (Fruits Basket #3).
2025-02-13 10:59:40,254 [INFO] Scraped Book: The Bourne Identity (Jason Bourne #1).
2025-02-13 10:59:40,412 [INFO] Scraped Book: Romero and Juliet: A Tragic Tale of Love and Zombies.
2025-02-13 10:59:40,969 [INFO] Scraped Book: Friday Night Lights: A Town, a Team, and a Dream.
2025-02-13 10:59:41,443 [INFO] Scraped Book: The Bachelor Girl's Guide to Murder (Herringford and Watts Mysteries #1).
2025-02-13 10:59:41,645 [INFO] Scraped Book: Redeeming Love.
2025-02-13 10:59:42,296 [INFO] Scraped Book: Fire Bound (Sea Haven/Sisters of the Heart #5).
2025-02-13 10:59:42,644 [INFO] Scraped Book: The Art Book.
2025-02-13 10:59:42,953 [INFO] Scraped Book: Poses for Artists Volume 1 - Dynamic and Sitting Poses: An Essential Reference for Figure Drawing and the Human Form.
2025-02-13 10:59:43,712 [INFO] Scraped Book: Fifty Shades Freed (Fifty Shades #3).
2025-02-13 10:59:43,923 [INFO] Scraped Book: The 7 Habits of Highly Effective People: Powerful Lessons in Personal Change.
2025-02-13 10:59:44,187 [INFO] Scraped Book: Poems That Make Grown Women Cry.
2025-02-13 10:59:45,184 [INFO] Scraped Book: Fellside.
2025-02-13 10:59:45,184 [INFO] Scraped Book: Team of Rivals: The Political Genius of Abraham Lincoln.
2025-02-13 10:59:45,489 [INFO] Scraped Book: Nightingale, Sing.
2025-02-13 10:59:46,463 [INFO] Scraped Book: Extreme Prey (Lucas Davenport #26).
2025-02-13 10:59:46,516 [INFO] Scraped Book: Steal Like an Artist: 10 Things Nobody Told You About Being Creative.
2025-02-13 10:59:46,791 [INFO] Scraped Book: Night Sky with Exit Wounds.
2025-02-13 10:59:47,643 [INFO] Scraped Book: Sit, Stay, Love.
2025-02-13 10:59:47,672 [INFO] Scraped Book: Eragon (The Inheritance Cycle #1).
2025-02-13 10:59:48,078 [INFO] Scraped Book: Mrs. Houdini.
2025-02-13 10:59:48,705 [INFO] Scraped Book: Sister Dear.
2025-02-13 10:59:48,784 [INFO] Scraped Book: Eclipse (Twilight #3).
2025-02-13 10:59:49,331 [INFO] Scraped Book: Modern Romance.
2025-02-13 10:59:50,005 [INFO] Scraped Book: Shrunken Treasures: Literary Classics, Short, Sweet, and Silly.
2025-02-13 10:59:50,139 [INFO] Scraped Book: Dune (Dune #1).
2025-02-13 10:59:50,726 [INFO] Scraped Book: Miss Peregrine’s Home for Peculiar Children (Miss Peregrine’s Peculiar Children #1).
2025-02-13 10:59:51,146 [INFO] Scraped Book: Rich Dad, Poor Dad.
2025-02-13 10:59:51,268 [INFO] Scraped Book: Dracula.
2025-02-13 10:59:52,280 [INFO] Scraped Book: Louisa: The Extraordinary Life of Mrs. Adams.
2025-02-13 10:59:52,806 [INFO] Scraped Book: Raymie Nightingale.
2025-02-13 10:59:53,053 [INFO] Scraped Book: Do Androids Dream of Electric Sheep? (Blade Runner #1).
2025-02-13 10:59:53,799 [INFO] Scraped Book: Little Red.
2025-02-13 10:59:54,151 [INFO] Scraped Book: Playing from the Heart.
2025-02-13 10:59:54,435 [INFO] Scraped Book: Disrupted: My Misadventure in the Start-Up Bubble.
2025-02-13 10:59:55,098 [INFO] Scraped Book: Library of Souls (Miss Peregrine’s Peculiar Children #3).
2025-02-13 10:59:55,529 [INFO] Scraped Book: Nightstruck: A Novel.
2025-02-13 10:59:55,756 [INFO] Scraped Book: Dead Wake: The Last Crossing of the Lusitania.
2025-02-13 10:59:56,396 [INFO] Scraped Book: Large Print Heart of the Pride.
2025-02-13 10:59:56,850 [INFO] Scraped Book: Naturally Lean: 125 Nourishing Gluten-Free, Plant-Based Recipes--All Under 300 Calories.
2025-02-13 10:59:57,071 [INFO] Scraped Book: David and Goliath: Underdogs, Misfits, and the Art of Battling Giants.
2025-02-13 10:59:57,734 [INFO] Scraped Book: I Had a Nice Time And Other Lies...: How to find love & sh*t like that.
2025-02-13 10:59:57,991 [INFO] Scraped Book: Meternity.
2025-02-13 10:59:58,430 [INFO] Scraped Book: Darkfever (Fever #1).
2025-02-13 10:59:58,973 [INFO] Scraped Book: Hollow City (Miss Peregrine’s Peculiar Children #2).
2025-02-13 10:59:59,084 [INFO] Scraped Book: Memoirs of a Geisha.
2025-02-13 10:59:59,721 [INFO] Scraped Book: Dark Places.
2025-02-13 11:00:00,229 [INFO] Scraped Book: Grumbles.
2025-02-13 11:00:00,402 [INFO] Scraped Book: Like Never Before (Walker Family #2).
2025-02-13 11:00:00,981 [INFO] Scraped Book: Crazy Rich Asians (Crazy Rich Asians #1).
2025-02-13 11:00:01,549 [INFO] Scraped Book: Full Moon over Noah’s Ark: An Odyssey to Mount Ararat and Beyond.
2025-02-13 11:00:01,668 [INFO] Scraped Book: Life of Pi.
2025-02-13 11:00:02,263 [INFO] Scraped Book: Counting Thyme.
2025-02-13 11:00:02,782 [INFO] Scraped Book: Frostbite (Vampire Academy #2).
2025-02-13 11:00:02,951 [INFO] Scraped Book: Leave This Song Behind: Teen Poetry at Its Best.
2025-02-13 11:00:03,528 [INFO] Scraped Book: Cosmos.
2025-02-13 11:00:03,947 [INFO] Scraped Book: Follow You Home.
2025-02-13 11:00:04,242 [INFO] Scraped Book: King's Folly (The Kinsman Chronicles #1).
2025-02-13 11:00:04,631 [INFO] Scraped Book: Civilization and Its Discontents.
2025-02-13 11:00:05,134 [INFO] Scraped Book: First Steps for New Christians (Print Edition).
2025-02-13 11:00:05,456 [INFO] Scraped Book: John Adams.
2025-02-13 11:00:05,813 [INFO] Scraped Book: Cinder (The Lunar Chronicles #1).
2025-02-13 11:00:06,456 [INFO] Scraped Book: Finders Keepers (Bill Hodges Trilogy #2).
2025-02-13 11:00:06,752 [INFO] Scraped Book: How to Cook Everything Vegetarian: Simple Meatless Recipes for Great Food (How to Cook Everything).
2025-02-13 11:00:06,959 [INFO] Scraped Book: Catastrophic Happiness: Finding Joy in Childhood's Messy Years.
2025-02-13 11:00:07,634 [INFO] Scraped Book: Fables, Vol. 1: Legends in Exile (Fables #1).
2025-02-13 11:00:07,898 [INFO] Scraped Book: How to Be a Domestic Goddess: Baking and the Art of Comfort Cooking.
2025-02-13 11:00:08,290 [INFO] Scraped Book: Career of Evil (Cormoran Strike #3).
2025-02-13 11:00:08,889 [INFO] Scraped Book: Eureka Trivia 6.0.
2025-02-13 11:00:09,169 [INFO] Scraped Book: Good in Bed (Cannie Shapiro #1).
2025-02-13 11:00:09,366 [INFO] Scraped Book: Breaking Dawn (Twilight #4).
2025-02-13 11:00:09,955 [INFO] Scraped Book: Drive: The Surprising Truth About What Motivates Us.
2025-02-13 11:00:10,293 [INFO] Scraped Book: Fruits Basket, Vol. 7 (Fruits Basket #7).
2025-02-13 11:00:10,577 [INFO] Scraped Book: Brave Enough.
2025-02-13 11:00:11,156 [INFO] Scraped Book: Done Rubbed Out (Reightman & Bailey #1).
2025-02-13 11:00:11,508 [INFO] Scraped Book: For the Love: Fighting for Grace in a World of Impossible Standards.
2025-02-13 11:00:11,721 [INFO] Scraped Book: Boy Meets Boy.
2025-02-13 11:00:12,479 [INFO] Scraped Book: Doing It Over (Most Likely To #1).
2025-02-13 11:00:12,810 [INFO] Scraped Book: Finding God in the Ruins: How God Redeems Pain.
2025-02-13 11:00:12,937 [INFO] Scraped Book: Born to Run: A Hidden Tribe, Superathletes, and the Greatest Race the World Has Never Seen.
2025-02-13 11:00:13,763 [INFO] Scraped Book: Deliciously Ella Every Day: Quick and Easy Recipes for Gluten-Free Snacks, Packed Lunches, and Simple Meals.
2025-02-13 11:00:14,127 [INFO] Scraped Book: Every Heart a Doorway (Every Heart A Doorway #1).
2025-02-13 11:00:14,165 [INFO] Scraped Book: Blink: The Power of Thinking Without Thinking.
2025-02-13 11:00:15,069 [INFO] Scraped Book: Dark Notes.
2025-02-13 11:00:15,294 [INFO] Scraped Book: Delivering the Truth (Quaker Midwife Mystery #1).
2025-02-13 11:00:15,400 [INFO] Scraped Book: Black Flags: The Rise of ISIS.
2025-02-13 11:00:16,289 [INFO] Scraped Book: Daring Greatly: How the Courage to Be Vulnerable Transforms the Way We Live, Love, Parent, and Lead.
2025-02-13 11:00:16,497 [INFO] Scraped Book: Counted With the Stars (Out from Egypt #1).
2025-02-13 11:00:16,615 [INFO] Scraped Book: Black Butler, Vol. 1 (Black Butler #1).
2025-02-13 11:00:17,596 [INFO] Scraped Book: Close to You.
2025-02-13 11:00:17,662 [INFO] Scraped Book: Chronicles, Vol. 1.
2025-02-13 11:00:17,823 [INFO] Scraped Book: Big Little Lies.
2025-02-13 11:00:18,921 [INFO] Scraped Book: Chasing Heaven: What Dying Taught Me About Living.
2025-02-13 11:00:18,979 [INFO] Scraped Book: Blue Like Jazz: Nonreligious Thoughts on Christian Spirituality.
2025-02-13 11:00:19,070 [INFO] Scraped Book: Between Shades of Gray.
2025-02-13 11:00:20,185 [INFO] Scraped Book: Big Magic: Creative Living Beyond Fear.
2025-02-13 11:00:20,290 [INFO] Scraped Book: Benjamin Franklin: An American Life.
2025-02-13 11:00:20,316 [INFO] Scraped Book: Best of My Love (Fool's Gold #20).
2025-02-13 11:00:21,460 [INFO] Scraped Book: At The Existentialist Café: Freedom, Being, and apricot cocktails with: Jean-Paul Sartre, Simone de Beauvoir, Albert Camus, Martin Heidegger, Edmund Husserl, Karl Jaspers, Maurice Merleau-Ponty and others.
2025-02-13 11:00:21,513 [INFO] Scraped Book: Becoming Wise: An Inquiry into the Mystery and Art of Living.
2025-02-13 11:00:21,627 [INFO] Scraped Book: Beowulf.
2025-02-13 11:00:22,777 [INFO] Scraped Book: A Summer In Europe.
2025-02-13 11:00:22,806 [INFO] Scraped Book: Beauty Restored (Riley Family Legacy Novellas #3).
2025-02-13 11:00:22,920 [INFO] Scraped Book: Beautiful Creatures (Caster Chronicles #1).
2025-02-13 11:00:23,907 [INFO] Scraped Book: A Short History of Nearly Everything.
2025-02-13 11:00:24,179 [INFO] Scraped Book: Batman: The Long Halloween (Batman).
2025-02-13 11:00:24,191 [INFO] Scraped Book: Awkward.
2025-02-13 11:00:25,187 [INFO] Scraped Book: A Gathering of Shadows (Shades of Magic #2).
2025-02-13 11:00:25,402 [INFO] Scraped Book: Ash.
2025-02-13 11:00:25,564 [INFO] Scraped Book: Batman: The Dark Knight Returns (Batman).
2025-02-13 11:00:26,360 [INFO] Scraped Book: The Sound Of Love.
2025-02-13 11:00:26,713 [INFO] Scraped Book: Are We There Yet?.
2025-02-13 11:00:26,768 [INFO] Scraped Book: Ayumi's Violin.
2025-02-13 11:00:27,572 [INFO] Scraped Book: The Rise and Fall of the Third Reich: A History of Nazi Germany.
2025-02-13 11:00:27,913 [INFO] Scraped Book: Are We Smart Enough to Know How Smart Animals Are?.
2025-02-13 11:00:28,042 [INFO] Scraped Book: Anonymous.
2025-02-13 11:00:28,892 [INFO] Scraped Book: The Perks of Being a Wallflower.
2025-02-13 11:00:29,131 [INFO] Scraped Book: Annie on My Mind.
2025-02-13 11:00:29,338 [INFO] Scraped Book: Amy Meets the Saints and Sages.
2025-02-13 11:00:30,165 [INFO] Scraped Book: The Mysterious Affair at Styles (Hercule Poirot #1).
2025-02-13 11:00:30,430 [INFO] Scraped Book: And Then There Were None.
2025-02-13 11:00:30,488 [INFO] Scraped Book: Amid the Chaos.
2025-02-13 11:00:31,478 [INFO] Scraped Book: The Man Who Mistook His Wife for a Hat and Other Clinical Tales.
2025-02-13 11:00:31,772 [INFO] Scraped Book: A Walk in the Woods: Rediscovering America on the Appalachian Trail.
2025-02-13 11:00:31,782 [INFO] Scraped Book: Amatus.
2025-02-13 11:00:32,679 [INFO] Scraped Book: The Makings of a Fatherless Child.
2025-02-13 11:00:33,012 [INFO] Scraped Book: A Visit from the Goon Squad.
2025-02-13 11:00:33,092 [INFO] Scraped Book: Agnostic: A Spirited Manifesto.
2025-02-13 11:00:33,808 [INFO] Scraped Book: The Joy of Cooking.
2025-02-13 11:00:34,245 [INFO] Scraped Book: Zealot: The Life and Times of Jesus of Nazareth.
2025-02-13 11:00:34,298 [INFO] Scraped Book: A Storm of Swords (A Song of Ice and Fire #3).
2025-02-13 11:00:35,061 [INFO] Scraped Book: The Invention of Wings.
2025-02-13 11:00:35,411 [INFO] Scraped Book: A Heartbreaking Work of Staggering Genius.
2025-02-13 11:00:35,513 [INFO] Scraped Book: You (You #1).
2025-02-13 11:00:36,152 [INFO] Scraped Book: The Hobbit (Middle-Earth Universe).
2025-02-13 11:00:36,643 [INFO] Scraped Book: 8 Keys to Mental Health Through Exercise.
2025-02-13 11:00:36,741 [INFO] Scraped Book: Wonder Woman: Earth One, Volume One (Wonder Woman: Earth One #1).
2025-02-13 11:00:37,393 [INFO] Scraped Book: The Great Railway Bazaar.
2025-02-13 11:00:37,651 [INFO] Scraped Book: #GIRLBOSS.
2025-02-13 11:00:37,863 [INFO] Scraped Book: Wild Swans.
2025-02-13 11:00:38,705 [INFO] Scraped Book: The Golden Compass (His Dark Materials #1).
2025-02-13 11:00:38,845 [INFO] Scraped Book: The Suffragettes (Little Black Classics, #96).
2025-02-13 11:00:38,995 [INFO] Scraped Book: Why the Right Went Wrong: Conservatism--From Goldwater to the Tea Party and Beyond.
2025-02-13 11:00:39,840 [INFO] Scraped Book: The God Delusion.
2025-02-13 11:00:40,038 [INFO] Scraped Book: The Sense of an Ending.
2025-02-13 11:00:40,305 [INFO] Scraped Book: Whole Lotta Creativity Going On: 60 Fun and Unusual Exercises to Awaken and Strengthen Your Creativity.
2025-02-13 11:00:41,158 [INFO] Scraped Book: The Girl You Left Behind (The Girl You Left Behind #1).
2025-02-13 11:00:41,325 [INFO] Scraped Book: The Sandman, Vol. 2: The Doll's House (The Sandman (volumes) #2).
2025-02-13 11:00:41,419 [INFO] Scraped Book: What's It Like in Space?: Stories from Astronauts Who've Been There.
2025-02-13 11:00:42,483 [INFO] Scraped Book: The Fellowship of the Ring (The Lord of the Rings #1).
2025-02-13 11:00:42,634 [INFO] Scraped Book: The Course of Love.
2025-02-13 11:00:42,728 [INFO] Scraped Book: We Are Robin, Vol. 1: The Vigilante Business (We Are Robin #1).
2025-02-13 11:00:43,802 [INFO] Scraped Book: The Collected Poems of W.B. Yeats (The Collected Works of W.B. Yeats #1).
2025-02-13 11:00:43,805 [INFO] Scraped Book: Sugar Rush (Offensive Line #2).
2025-02-13 11:00:44,031 [INFO] Scraped Book: Walt Disney's Alice in Wonderland.
2025-02-13 11:00:45,069 [INFO] Scraped Book: Saga, Volume 2 (Saga (Collected Editions) #2).
2025-02-13 11:00:45,087 [INFO] Scraped Book: The Barefoot Contessa Cookbook.
2025-02-13 11:00:45,156 [INFO] Scraped Book: V for Vendetta (V for Vendetta Complete).
2025-02-13 11:00:46,304 [INFO] Scraped Book: Run, Spot, Run: The Ethics of Keeping Pets.
2025-02-13 11:00:46,394 [INFO] Scraped Book: Tell the Wolves I'm Home.
2025-02-13 11:00:46,440 [INFO] Scraped Book: Until Friday Night (The Field Party #1).
2025-02-13 11:00:47,449 [INFO] Scraped Book: New Moon (Twilight #2).
2025-02-13 11:00:47,662 [INFO] Scraped Book: Unbroken: A World War II Story of Survival, Resilience, and Redemption.
2025-02-13 11:00:47,727 [INFO] Scraped Book: Ship Leaves Harbor: Essays on Travel by a Recovering Journeyman.
2025-02-13 11:00:48,622 [INFO] Scraped Book: Life.
2025-02-13 11:00:48,869 [INFO] Scraped Book: Twenty Yawns.
2025-02-13 11:00:48,991 [INFO] Scraped Book: Pride and Prejudice.
2025-02-13 11:00:49,929 [INFO] Scraped Book: Kindle Paperwhite User's Guide.
2025-02-13 11:00:50,247 [INFO] Scraped Book: Musicophilia: Tales of Music and the Brain.
2025-02-13 11:00:50,249 [INFO] Scraped Book: Through the Woods.
2025-02-13 11:00:51,213 [INFO] Scraped Book: H is for Hawk.
2025-02-13 11:00:51,439 [INFO] Scraped Book: This Is Where It Ends.
2025-02-13 11:00:51,535 [INFO] Scraped Book: Mere Christianity.
2025-02-13 11:00:52,542 [INFO] Scraped Book: Girl Online On Tour (Girl Online #2).
2025-02-13 11:00:52,654 [INFO] Scraped Book: The Year of Magical Thinking.
2025-02-13 11:00:52,982 [INFO] Scraped Book: Me Before You (Me Before You #1).
2025-02-13 11:00:53,903 [INFO] Scraped Book: Fruits Basket, Vol. 2 (Fruits Basket #2).
2025-02-13 11:00:54,019 [INFO] Scraped Book: The Wright Brothers.
2025-02-13 11:00:54,241 [INFO] Scraped Book: In the Woods (Dublin Murder Squad #1).
2025-02-13 11:00:55,079 [INFO] Scraped Book: Diary of a Minecraft Zombie Book 1: A Scare of a Dare (An Unofficial Minecraft Book).
2025-02-13 11:00:55,281 [INFO] Scraped Book: The White Queen (The Cousins' War #1).
2025-02-13 11:00:55,426 [INFO] Scraped Book: In Cold Blood.
2025-02-13 11:00:56,930 [INFO] Scraped Book: The Wedding Pact (The O'Malleys #2).
2025-02-13 11:00:56,952 [INFO] Scraped Book: Y: The Last Man, Vol. 1: Unmanned (Y: The Last Man #1).
2025-02-13 11:00:57,263 [INFO] Scraped Book: How to Stop Worrying and Start Living.
2025-02-13 11:00:58,300 [INFO] Scraped Book: The Time Keeper.
2025-02-13 11:00:58,319 [INFO] Scraped Book: While You Were Mine.
2025-02-13 11:00:58,601 [INFO] Scraped Book: Give It Back.
2025-02-13 11:00:59,411 [INFO] Scraped Book: Where Lightning Strikes (Bleeding Stars #3).
2025-02-13 11:00:59,631 [INFO] Scraped Book: The Testament of Mary.
2025-02-13 11:00:59,843 [INFO] Scraped Book: Girl, Interrupted.
2025-02-13 11:01:00,734 [INFO] Scraped Book: When I'm Gone.
2025-02-13 11:01:00,963 [INFO] Scraped Book: The Star-Touched Queen.
2025-02-13 11:01:01,063 [INFO] Scraped Book: Fun Home: A Family Tragicomic.
2025-02-13 11:01:02,109 [INFO] Scraped Book: Ways of Seeing.
2025-02-13 11:01:02,238 [INFO] Scraped Book: Fruits Basket, Vol. 6 (Fruits Basket #6).
2025-02-13 11:01:02,330 [INFO] Scraped Book: The Songs of the Gods.
2025-02-13 11:01:03,512 [INFO] Scraped Book: Deception Point.
2025-02-13 11:01:03,512 [INFO] Scraped Book: The Song of Achilles.
2025-02-13 11:01:03,560 [INFO] Scraped Book: Vampire Knight, Vol. 1 (Vampire Knight #1).
2025-02-13 11:01:04,721 [INFO] Scraped Book: Vampire Girl (Vampire Girl #1).
2025-02-13 11:01:04,869 [INFO] Scraped Book: Death Note, Vol. 6: Give-and-Take (Death Note #6).
2025-02-13 11:01:04,906 [INFO] Scraped Book: The Rosie Project (Don Tillman #1).
2025-02-13 11:01:05,895 [INFO] Scraped Book: Twenty Love Poems and a Song of Despair.
2025-02-13 11:01:06,043 [INFO] Scraped Book: Catherine the Great: Portrait of a Woman.
2025-02-13 11:01:06,119 [INFO] Scraped Book: The Power of Habit: Why We Do What We Do in Life and Business.
2025-02-13 11:01:07,122 [INFO] Scraped Book: Travels with Charley: In Search of America.
2025-02-13 11:01:07,248 [INFO] Scraped Book: Better Homes and Gardens New Cook Book.
2025-02-13 11:01:07,384 [INFO] Scraped Book: The Marriage of Opposites.
2025-02-13 11:01:08,307 [INFO] Scraped Book: Three Wishes (River of Time: California #1).
2025-02-13 11:01:08,517 [INFO] Scraped Book: An Unquiet Mind: A Memoir of Moods and Madness.
2025-02-13 11:01:08,663 [INFO] Scraped Book: The Lucifer Effect: Understanding How Good People Turn Evil.
2025-02-13 11:01:09,631 [INFO] Scraped Book: This One Moment (Pushing Limits #1).
2025-02-13 11:01:09,780 [INFO] Scraped Book: A Year in Provence (Provence #1).
2025-02-13 11:01:09,994 [INFO] Scraped Book: The Long Haul (Diary of a Wimpy Kid #9).
2025-02-13 11:01:10,937 [INFO] Scraped Book: The Zombie Room.
2025-02-13 11:01:11,086 [INFO] Scraped Book: World Without End (The Pillars of the Earth #2).
2025-02-13 11:01:11,271 [INFO] Scraped Book: The Loney.
2025-02-13 11:01:12,097 [INFO] Scraped Book: The Wicked + The Divine, Vol. 1: The Faust Act (The Wicked + The Divine).
2025-02-13 11:01:12,271 [INFO] Scraped Book: Will Grayson, Will Grayson (Will Grayson, Will Grayson).
2025-02-13 11:01:12,488 [INFO] Scraped Book: The Literature Book (Big Ideas Simply Explained).
2025-02-13 11:01:13,364 [INFO] Scraped Book: The Tumor.
2025-02-13 11:01:13,488 [INFO] Scraped Book: Why Save the Bankers?: And Other Essays on Our Economic and Political Crisis.
2025-02-13 11:01:13,772 [INFO] Scraped Book: The Last Mile (Amos Decker #2).
2025-02-13 11:01:14,541 [INFO] Scraped Book: The Story of Hong Gildong.
2025-02-13 11:01:14,707 [INFO] Scraped Book: Where She Went (If I Stay #2).
2025-02-13 11:01:15,093 [INFO] Scraped Book: The Immortal Life of Henrietta Lacks.
2025-02-13 11:01:15,778 [INFO] Scraped Book: The Silent Wife.
2025-02-13 11:01:16,044 [INFO] Scraped Book: What If?: Serious Scientific Answers to Absurd Hypothetical Questions.
2025-02-13 11:01:16,350 [INFO] Scraped Book: The Hidden Oracle (The Trials of Apollo #1).
2025-02-13 11:01:16,990 [INFO] Scraped Book: The Silent Twin (Detective Jennifer Knight #3).
2025-02-13 11:01:17,337 [INFO] Scraped Book: Two Summers.
2025-02-13 11:01:17,645 [INFO] Scraped Book: The Help Yourself Cookbook for Kids: 60 Easy Plant-Based Recipes Kids Can Make to Stay Healthy and Save the Earth.
2025-02-13 11:01:18,336 [INFO] Scraped Book: The Selfish Gene.
2025-02-13 11:01:18,548 [INFO] Scraped Book: This Is Your Brain on Music: The Science of a Human Obsession.
2025-02-13 11:01:18,869 [INFO] Scraped Book: The Guilty (Will Robie #4).
2025-02-13 11:01:19,647 [INFO] Scraped Book: The Secret Healer.
2025-02-13 11:01:19,863 [INFO] Scraped Book: The Secret Garden.
2025-02-13 11:01:20,001 [INFO] Scraped Book: The First Hostage (J.B. Collins #2).
2025-02-13 11:01:20,926 [INFO] Scraped Book: The Sandman, Vol. 1: Preludes and Nocturnes (The Sandman (volumes) #1).
2025-02-13 11:01:21,019 [INFO] Scraped Book: The Raven King (The Raven Cycle #4).
2025-02-13 11:01:21,150 [INFO] Scraped Book: The Dovekeepers.
2025-02-13 11:01:22,165 [INFO] Scraped Book: The Republic.
2025-02-13 11:01:22,317 [INFO] Scraped Book: The Raven Boys (The Raven Cycle #1).
2025-02-13 11:01:22,463 [INFO] Scraped Book: The Darkest Lie.
2025-02-13 11:01:23,395 [INFO] Scraped Book: The Odyssey.
2025-02-13 11:01:23,508 [INFO] Scraped Book: The Power Greens Cookbook: 140 Delicious Superfood Recipes.
2025-02-13 11:01:23,682 [INFO] Scraped Book: The Bane Chronicles (The Bane Chronicles #1-11).
2025-02-13 11:01:24,441 [INFO] Scraped Book: The No. 1 Ladies' Detective Agency (No. 1 Ladies' Detective Agency #1).
2025-02-13 11:01:24,670 [INFO] Scraped Book: The Metamorphosis.
2025-02-13 11:01:24,869 [INFO] Scraped Book: The Bad-Ass Librarians of Timbuktu: And Their Race to Save the World’s Most Precious Manuscripts.
2025-02-13 11:01:25,652 [INFO] Scraped Book: The Nicomachean Ethics.
2025-02-13 11:01:25,938 [INFO] Scraped Book: The Mathews Men: Seven Brothers and the War Against Hitler's U-boats.
2025-02-13 11:01:26,189 [INFO] Scraped Book: The 14th Colony (Cotton Malone #11).
2025-02-13 11:01:26,983 [INFO] Scraped Book: The Name of the Wind (The Kingkiller Chronicle #1).
2025-02-13 11:01:27,147 [INFO] Scraped Book: The Little Paris Bookshop.
2025-02-13 11:01:27,548 [INFO] Scraped Book: That Darkness (Gardiner and Renner #1).
2025-02-13 11:01:28,347 [INFO] Scraped Book: The Mirror & the Maze (The Wrath and the Dawn #1.5).
2025-02-13 11:01:28,389 [INFO] Scraped Book: The Hiding Place.
2025-02-13 11:01:28,725 [INFO] Scraped Book: Tastes Like Fear (DI Marnie Rome #3).
2025-02-13 11:01:29,523 [INFO] Scraped Book: The Little Prince.
2025-02-13 11:01:29,573 [INFO] Scraped Book: The Grand Design.
2025-02-13 11:01:30,033 [INFO] Scraped Book: Take Me with You.
2025-02-13 11:01:30,787 [INFO] Scraped Book: The Light of the Fireflies.
2025-02-13 11:01:30,795 [INFO] Scraped Book: The Firm.
2025-02-13 11:01:31,317 [INFO] Scraped Book: Swell: A Year of Waves.
2025-02-13 11:01:31,991 [INFO] Scraped Book: The Last Girl (The Dominion Trilogy #1).
2025-02-13 11:01:32,105 [INFO] Scraped Book: The Fault in Our Stars.
2025-02-13 11:01:32,536 [INFO] Scraped Book: Superman Vol. 1: Before Truth (Superman by Gene Luen Yang #1).
2025-02-13 11:01:33,253 [INFO] Scraped Book: The Iliad.
2025-02-13 11:01:33,286 [INFO] Scraped Book: The False Prince (The Ascendance Trilogy #1).
2025-02-13 11:01:33,668 [INFO] Scraped Book: Still Life with Bread Crumbs.
2025-02-13 11:01:34,490 [INFO] Scraped Book: The Hook Up (Game On #1).
2025-02-13 11:01:34,569 [INFO] Scraped Book: The Expatriates.
2025-02-13 11:01:34,927 [INFO] Scraped Book: Steve Jobs.
2025-02-13 11:01:35,762 [INFO] Scraped Book: The Haters.
2025-02-13 11:01:35,770 [INFO] Scraped Book: The Dream Thieves (The Raven Cycle #2).
2025-02-13 11:01:36,205 [INFO] Scraped Book: Sorting the Beef from the Bull: The Science of Food Fraud Forensics.
2025-02-13 11:01:36,932 [INFO] Scraped Book: The Girl You Lost.
2025-02-13 11:01:37,002 [INFO] Scraped Book: The Darkest Corners.
2025-02-13 11:01:37,582 [INFO] Scraped Book: Someone Like You (The Harrisons #2).
2025-02-13 11:01:38,180 [INFO] Scraped Book: The Crossover.
2025-02-13 11:01:38,263 [INFO] Scraped Book: The Girl In The Ice (DCI Erika Foster #1).
2025-02-13 11:01:38,977 [INFO] Scraped Book: So Cute It Hurts!!, Vol. 6 (So Cute It Hurts!! #6).
2025-02-13 11:01:39,453 [INFO] Scraped Book: The 5th Wave (The 5th Wave #1).
2025-02-13 11:01:39,560 [INFO] Scraped Book: The End of the Jesus Era (An Investigation #1).
2025-02-13 11:01:40,354 [INFO] Scraped Book: Shtum.
2025-02-13 11:01:40,789 [INFO] Scraped Book: The Edge of Reason (Bridget Jones #2).
2025-02-13 11:01:40,812 [INFO] Scraped Book: Tell the Wind and Fire.
2025-02-13 11:01:41,499 [INFO] Scraped Book: See America: A Celebration of Our National Parks & Treasured Sites.
2025-02-13 11:01:42,170 [INFO] Scraped Book: Tell Me Three Things.
2025-02-13 11:01:42,173 [INFO] Scraped Book: The Complete Maus (Maus #1-2).
2025-02-13 11:01:42,665 [INFO] Scraped Book: salt..
2025-02-13 11:01:43,482 [INFO] Scraped Book: Talking to Girls About Duran Duran: One Young Man's Quest for True Love and a Cooler Haircut.
2025-02-13 11:01:43,493 [INFO] Scraped Book: The Communist Manifesto.
2025-02-13 11:01:43,934 [INFO] Scraped Book: Robin War.
2025-02-13 11:01:44,646 [INFO] Scraped Book: Siddhartha.
2025-02-13 11:01:44,685 [INFO] Scraped Book: The Bhagavad Gita.
2025-02-13 11:01:45,293 [INFO] Scraped Book: Red Hood/Arsenal, Vol. 1: Open for Business (Red Hood/Arsenal #1).
2025-02-13 11:01:46,054 [INFO] Scraped Book: The Bette Davis Club.
2025-02-13 11:01:46,070 [INFO] Scraped Book: Shiver (The Wolves of Mercy Falls #1).
2025-02-13 11:01:46,506 [INFO] Scraped Book: Rain Fish.
2025-02-13 11:01:47,203 [INFO] Scraped Book: The Art of Not Breathing.
2025-02-13 11:01:47,336 [INFO] Scraped Book: Remember Me?.
2025-02-13 11:01:47,713 [INFO] Scraped Book: Quarter Life Poetry: Poems for the Young, Broke and Hangry.
2025-02-13 11:01:48,466 [INFO] Scraped Book: Taking Shots (Assassins #1).
2025-02-13 11:01:48,718 [INFO] Scraped Book: Red Dragon (Hannibal Lecter #1).
2025-02-13 11:01:48,909 [INFO] Scraped Book: Pet Sematary.
2025-02-13 11:01:49,808 [INFO] Scraped Book: Starlark.
2025-02-13 11:01:49,979 [INFO] Scraped Book: Peak: Secrets from the New Science of Expertise.
2025-02-13 11:01:50,152 [INFO] Scraped Book: Overload: How to Unplug, Unwind, and Unleash Yourself from the Pressure of Stress.
2025-02-13 11:01:51,036 [INFO] Scraped Book: Skip Beat!, Vol. 01 (Skip Beat! #1).
2025-02-13 11:01:51,209 [INFO] Scraped Book: My Mother Was Nuts.
2025-02-13 11:01:51,458 [INFO] Scraped Book: Once Was a Time.
2025-02-13 11:01:52,287 [INFO] Scraped Book: Sister Sable (The Mad Queen #1).
2025-02-13 11:01:52,441 [INFO] Scraped Book: Mexican Today: New and Rediscovered Recipes for Contemporary Kitchens.
2025-02-13 11:01:52,798 [INFO] Scraped Book: Old School (Diary of a Wimpy Kid #10).
2025-02-13 11:01:53,606 [INFO] Scraped Book: Shatter Me (Shatter Me #1).
2025-02-13 11:01:53,724 [INFO] Scraped Book: Maybe Something Beautiful: How Art Transformed a Neighborhood.
2025-02-13 11:01:54,014 [INFO] Scraped Book: No Dream Is Too High: Life Lessons From a Man Who Walked on the Moon.
2025-02-13 11:01:55,259 [INFO] Scraped Book: Naruto (3-in-1 Edition), Vol. 14: Includes Vols. 40, 41 & 42 (Naruto: Omnibus #14).
2025-02-13 11:01:55,275 [INFO] Scraped Book: Lola and the Boy Next Door (Anna and the French Kiss #2).
2025-02-13 11:01:55,548 [INFO] Scraped Book: Shameless.
2025-02-13 11:01:56,438 [INFO] Scraped Book: My Name Is Lucy Barton.
2025-02-13 11:01:56,607 [INFO] Scraped Book: Logan Kade (Fallen Crest High #5.5).
2025-02-13 11:01:56,699 [INFO] Scraped Book: Shadow Rites (Jane Yellowrock #10).
2025-02-13 11:01:57,566 [INFO] Scraped Book: My Mrs. Brown.
2025-02-13 11:01:57,912 [INFO] Scraped Book: Last One Home (New Beginnings #1).
2025-02-13 11:01:58,030 [INFO] Scraped Book: Settling the Score (The Summer Games #1).
2025-02-13 11:01:58,815 [INFO] Scraped Book: My Kind of Crazy.
2025-02-13 11:01:59,114 [INFO] Scraped Book: Sense and Sensibility.
2025-02-13 11:01:59,176 [INFO] Scraped Book: Killing Floor (Jack Reacher #1).
2025-02-13 11:02:00,220 [INFO] Scraped Book: Mr. Mercedes (Bill Hodges Trilogy #1).
2025-02-13 11:02:00,278 [INFO] Scraped Book: Kill the Boy Band.
2025-02-13 11:02:00,354 [INFO] Scraped Book: Saga, Volume 1 (Saga (Collected Editions) #1).
2025-02-13 11:02:01,484 [INFO] Scraped Book: Isla and the Happily Ever After (Anna and the French Kiss #3).
2025-02-13 11:02:01,531 [INFO] Scraped Book: More Than Music (Chasing the Dream #1).
2025-02-13 11:02:01,646 [INFO] Scraped Book: Rhythm, Chord & Malykhin.
2025-02-13 11:02:02,589 [INFO] Scraped Book: Made to Stick: Why Some Ideas Survive and Others Die.
2025-02-13 11:02:02,766 [INFO] Scraped Book: If I Stay (If I Stay #1).
2025-02-13 11:02:02,851 [INFO] Scraped Book: Rat Queens, Vol. 1: Sass & Sorcery (Rat Queens (Collected Editions) #1-5).
2025-02-13 11:02:03,821 [INFO] Scraped Book: Luis Paints the World.
2025-02-13 11:02:04,041 [INFO] Scraped Book: Paradise Lost (Paradise #1).
2025-02-13 11:02:04,075 [INFO] Scraped Book: I Know Why the Caged Bird Sings (Maya Angelou's Autobiography #1).
2025-02-13 11:02:05,123 [INFO] Scraped Book: Luckiest Girl Alive.
2025-02-13 11:02:05,234 [INFO] Scraped Book: Paper Girls, Vol. 1 (Paper Girls #1-5).
2025-02-13 11:02:05,384 [INFO] Scraped Book: Harry Potter and the Deathly Hallows (Harry Potter #7).
2025-02-13 11:02:06,419 [INFO] Scraped Book: Ouran High School Host Club, Vol. 1 (Ouran High School Host Club #1).
2025-02-13 11:02:06,431 [INFO] Scraped Book: Lowriders to the Center of the Earth (Lowriders in Space #2).
2025-02-13 11:02:06,664 [INFO] Scraped Book: Fruits Basket, Vol. 5 (Fruits Basket #5).
2025-02-13 11:02:07,717 [INFO] Scraped Book: Foundation (Foundation (Publication Order) #1).
2025-02-13 11:02:07,761 [INFO] Scraped Book: Origins (Alphas 0.5).
2025-02-13 11:02:07,778 [INFO] Scraped Book: Love Is a Mix Tape (Music #1).
2025-02-13 11:02:08,904 [INFO] Scraped Book: Fool Me Once.
2025-02-13 11:02:08,994 [INFO] Scraped Book: Looking for Lovely: Collecting the Moments that Matter.
2025-02-13 11:02:09,109 [INFO] Scraped Book: One Second (Seven #7).
2025-02-13 11:02:10,226 [INFO] Scraped Book: Find Her (Detective D.D. Warren #8).
2025-02-13 11:02:10,243 [INFO] Scraped Book: Living Leadership by Insight: A Good Leader Achieves, a Great Leader Builds Monuments.
2025-02-13 11:02:10,414 [INFO] Scraped Book: On the Road (Duluoz Legend).
2025-02-13 11:02:11,538 [INFO] Scraped Book: Let It Out: A Journey Through Journaling.
2025-02-13 11:02:11,588 [INFO] Scraped Book: Evicted: Poverty and Profit in the American City.
2025-02-13 11:02:11,667 [INFO] Scraped Book: Old Records Never Die: One Man's Quest for His Vinyl and His Past.
2025-02-13 11:02:12,674 [INFO] Scraped Book: Lady Midnight (The Dark Artifices #1).
2025-02-13 11:02:12,900 [INFO] Scraped Book: Off Sides (Off #1).
2025-02-13 11:02:12,914 [INFO] Scraped Book: Drama.
2025-02-13 11:02:14,085 [INFO] Scraped Book: It's All Easy: Healthy, Delicious Weeknight Meals in under 30 Minutes.
2025-02-13 11:02:14,186 [INFO] Scraped Book: Dracula the Un-Dead.
2025-02-13 11:02:14,364 [INFO] Scraped Book: Of Mice and Men.
2025-02-13 11:02:15,374 [INFO] Scraped Book: Island of Dragons (Unwanteds #7).
2025-02-13 11:02:15,498 [INFO] Scraped Book: Digital Fortress.
2025-02-13 11:02:15,557 [INFO] Scraped Book: Myriad (Prentor #1).
2025-02-13 11:02:17,024 [INFO] Scraped Book: I Know What I'm Doing -- and Other Lies I Tell Myself: Dispatches from a Life Under Construction.
2025-02-13 11:02:17,308 [INFO] Scraped Book: My Perfect Mistake (Over the Top #1).
2025-02-13 11:02:17,322 [INFO] Scraped Book: Death Note, Vol. 5: Whiteout (Death Note #5).
2025-02-13 11:02:18,443 [INFO] Scraped Book: I Am Pilgrim (Pilgrim #1).
2025-02-13 11:02:18,620 [INFO] Scraped Book: Ms. Marvel, Vol. 1: No Normal (Ms. Marvel (2014-2015) #1).
2025-02-13 11:02:18,646 [INFO] Scraped Book: Data, A Love Story: How I Gamed Online Dating to Meet My Match.
2025-02-13 11:02:19,693 [INFO] Scraped Book: Hyperbole and a Half: Unfortunate Situations, Flawed Coping Mechanisms, Mayhem, and Other Things That Happened.
2025-02-13 11:02:19,953 [INFO] Scraped Book: Critique of Pure Reason.
2025-02-13 11:02:19,971 [INFO] Scraped Book: Meditations.
2025-02-13 11:02:20,818 [INFO] Scraped Book: Hush, Hush (Hush, Hush #1).
2025-02-13 11:02:21,030 [INFO] Scraped Book: Booked.
2025-02-13 11:02:21,156 [INFO] Scraped Book: Matilda.
2025-02-13 11:02:22,007 [INFO] Scraped Book: Hold Your Breath (Search and Rescue #1).
2025-02-13 11:02:22,229 [INFO] Scraped Book: Blue Lily, Lily Blue (The Raven Cycle #3).
2025-02-13 11:02:22,474 [INFO] Scraped Book: Lost Among the Living.
2025-02-13 11:02:23,293 [INFO] Scraped Book: Hamilton: The Revolution.
2025-02-13 11:02:23,376 [INFO] Scraped Book: Approval Junkie: Adventures in Caring Too Much.
2025-02-13 11:02:23,734 [INFO] Scraped Book: Lord of the Flies.
2025-02-13 11:02:24,630 [INFO] Scraped Book: Greek Mythic History.
2025-02-13 11:02:24,664 [INFO] Scraped Book: An Abundance of Katherines.
2025-02-13 11:02:24,951 [INFO] Scraped Book: Listen to Me (Fusion #1).
2025-02-13 11:02:25,917 [INFO] Scraped Book: America's War for the Greater Middle East: A Military History.
2025-02-13 11:02:25,966 [INFO] Scraped Book: God: The Most Unpleasant Character in All Fiction.
2025-02-13 11:02:26,226 [INFO] Scraped Book: Kitchens of the Great Midwest.
2025-02-13 11:02:27,156 [INFO] Scraped Book: Glory over Everything: Beyond The Kitchen House.
2025-02-13 11:02:27,252 [INFO] Scraped Book: Alight (The Generations Trilogy #2).
2025-02-13 11:02:27,426 [INFO] Scraped Book: Jane Eyre.
2025-02-13 11:02:28,362 [INFO] Scraped Book: Feathers: Displays of Brilliant Plumage.
2025-02-13 11:02:28,501 [INFO] Scraped Book: A Girl's Guide to Moving On (New Beginnings #2).
2025-02-13 11:02:28,577 [INFO] Scraped Book: Imperfect Harmony.
2025-02-13 11:02:29,688 [INFO] Scraped Book: Far & Away: Places on the Brink of Change: Seven Continents, Twenty-Five Years.
2025-02-13 11:02:29,703 [INFO] Scraped Book: A Game of Thrones (A Song of Ice and Fire #1).
2025-02-13 11:02:29,846 [INFO] Scraped Book: Icing (Aces Hockey #2).
2025-02-13 11:02:30,928 [INFO] Scraped Book: Every Last Word.
2025-02-13 11:02:31,001 [INFO] Scraped Book: A Feast for Crows (A Song of Ice and Fire #4).
2025-02-13 11:02:31,080 [INFO] Scraped Book: Hawkeye, Vol. 1: My Life as a Weapon (Hawkeye #1).
2025-02-13 11:02:32,404 [INFO] Scraped Book: Eligible (The Austen Project #4).
2025-02-13 11:02:32,439 [INFO] Scraped Book: Having the Barbarian's Baby (Ice Planet Barbarians #7.5).
2025-02-13 11:02:32,463 [INFO] Scraped Book: A Clash of Kings (A Song of Ice and Fire #2).
2025-02-13 11:02:33,547 [INFO] Scraped Book: Giant Days, Vol. 1 (Giant Days #1-4).
2025-02-13 11:02:33,600 [INFO] Scraped Book: Vogue Colors A to Z: A Fashion Coloring Book.
2025-02-13 11:02:33,725 [INFO] Scraped Book: El Deafo.
2025-02-13 11:02:34,793 [INFO] Scraped Book: Fruits Basket, Vol. 1 (Fruits Basket #1).
2025-02-13 11:02:34,864 [INFO] Scraped Book: Eight Hundred Grapes.
2025-02-13 11:02:34,945 [INFO] Scraped Book: The Shining (The Shining #1).
2025-02-13 11:02:36,069 [INFO] Scraped Book: Eaternity: More than 150 Deliciously Easy Vegan Recipes for a Long, Healthy, Satisfied, Joyful Life.
2025-02-13 11:02:36,112 [INFO] Scraped Book: Frankenstein.
2025-02-13 11:02:36,252 [INFO] Scraped Book: The Pilgrim's Progress.
2025-02-13 11:02:37,189 [INFO] Scraped Book: Eat Fat, Get Thin.
2025-02-13 11:02:37,406 [INFO] Scraped Book: Forever Rockers (The Rocker #12).
2025-02-13 11:02:37,542 [INFO] Scraped Book: The Perfect Play (Play by Play #1).
2025-02-13 11:02:38,382 [INFO] Scraped Book: Don't Get Caught.
2025-02-13 11:02:38,698 [INFO] Scraped Book: Fighting Fate (Fighting #6).
2025-02-13 11:02:38,778 [INFO] Scraped Book: The Passion of Dolssa.
2025-02-13 11:02:39,646 [INFO] Scraped Book: Doctor Sleep (The Shining #2).
2025-02-13 11:02:40,370 [INFO] Scraped Book: Emma.
2025-02-13 11:02:40,391 [INFO] Scraped Book: The Jazz of Physics: The Secret Link Between Music and the Structure of the Universe.
2025-02-13 11:02:41,521 [INFO] Scraped Book: Demigods & Magicians: Percy and Annabeth Meet the Kanes (Percy Jackson & Kane Chronicles Crossover #1-3).
2025-02-13 11:02:41,673 [INFO] Scraped Book: Eat, Pray, Love.
2025-02-13 11:02:41,814 [INFO] Scraped Book: The Hunger Games (The Hunger Games #1).
2025-02-13 11:02:42,953 [INFO] Scraped Book: Dear Mr. Knightley.
2025-02-13 11:02:43,040 [INFO] Scraped Book: Deep Under (Walker Security #1).
2025-02-13 11:02:43,112 [INFO] Scraped Book: The Hound of the Baskervilles (Sherlock Holmes #5).
2025-02-13 11:02:44,384 [INFO] Scraped Book: Daily Fantasy Sports.
2025-02-13 11:02:44,431 [INFO] Scraped Book: The Gunning of America: Business and the Making of American Gun Culture.
2025-02-13 11:02:44,628 [INFO] Scraped Book: Choosing Our Religion: The Spiritual Lives of America's Nones.
2025-02-13 11:02:45,774 [INFO] Scraped Book: The Geography of Bliss: One Grump's Search for the Happiest Places in the World.
2025-02-13 11:02:45,859 [INFO] Scraped Book: Crazy Love: Overwhelmed by a Relentless God.
2025-02-13 11:02:46,078 [INFO] Scraped Book: Charlie and the Chocolate Factory (Charlie Bucket #1).
2025-02-13 11:02:46,977 [INFO] Scraped Book: The Demonists (Demonist #1).
2025-02-13 11:02:47,070 [INFO] Scraped Book: Cometh the Hour (The Clifton Chronicles #6).
2025-02-13 11:02:47,441 [INFO] Scraped Book: Charity's Cross (Charles Towne Belles #4).
2025-02-13 11:02:48,206 [INFO] Scraped Book: Code Name Verity (Code Name Verity #1).
2025-02-13 11:02:48,287 [INFO] Scraped Book: The Demon Prince of Momochi House, Vol. 4 (The Demon Prince of Momochi House #4).
2025-02-13 11:02:48,805 [INFO] Scraped Book: Bright Lines.
2025-02-13 11:02:49,463 [INFO] Scraped Book: The Bone Hunters (Lexy Vaughan & Steven Macaulay #2).
2025-02-13 11:02:49,485 [INFO] Scraped Book: Clockwork Angel (The Infernal Devices #1).
2025-02-13 11:02:50,019 [INFO] Scraped Book: Bridget Jones's Diary (Bridget Jones #1).
2025-02-13 11:02:50,639 [INFO] Scraped Book: The Beast (Black Dagger Brotherhood #14).
2025-02-13 11:02:50,907 [INFO] Scraped Book: City of Glass (The Mortal Instruments #3).
2025-02-13 11:02:51,367 [INFO] Scraped Book: Bounty (Colorado Mountain #7).
2025-02-13 11:02:51,953 [INFO] Scraped Book: Some Women.
2025-02-13 11:02:52,249 [INFO] Scraped Book: City of Fallen Angels (The Mortal Instruments #4).
2025-02-13 11:02:52,598 [INFO] Scraped Book: Blood Defense (Samantha Brinkman #1).
2025-02-13 11:02:53,132 [INFO] Scraped Book: Shopaholic Ties the Knot (Shopaholic #3).
2025-02-13 11:02:53,546 [INFO] Scraped Book: City of Bones (The Mortal Instruments #1).
2025-02-13 11:02:53,681 [INFO] Scraped Book: Bleach, Vol. 1: Strawberry and the Soul Reapers (Bleach #1).
2025-02-13 11:02:54,307 [INFO] Scraped Book: Paper and Fire (The Great Library #2).
2025-02-13 11:02:54,765 [INFO] Scraped Book: City of Ashes (The Mortal Instruments #2).
2025-02-13 11:02:54,876 [INFO] Scraped Book: Beyond Good and Evil.
2025-02-13 11:02:55,642 [INFO] Scraped Book: Outlander (Outlander #1).
2025-02-13 11:02:56,024 [INFO] Scraped Book: Cell.
2025-02-13 11:02:56,173 [INFO] Scraped Book: Alice in Wonderland (Alice's Adventures in Wonderland #1).
2025-02-13 11:02:56,763 [INFO] Scraped Book: Orchestra of Exiles: The Story of Bronislaw Huberman, the Israel Philharmonic, and the One Thousand Jews He Saved from Nazi Horrors.
2025-02-13 11:02:57,336 [INFO] Scraped Book: Catching Jordan (Hundred Oaks).
2025-02-13 11:02:57,405 [INFO] Scraped Book: Ajin: Demi-Human, Volume 1 (Ajin: Demi-Human #1).
2025-02-13 11:02:57,975 [INFO] Scraped Book: No One Here Gets Out Alive.
2025-02-13 11:02:58,767 [INFO] Scraped Book: A Spy's Devotion (The Regency Spies of London #1).
2025-02-13 11:02:58,768 [INFO] Scraped Book: Carry On, Warrior: Thoughts on Life Unarmed.
2025-02-13 11:02:59,018 [INFO] Scraped Book: Night Shift (Night Shift #1-20).
2025-02-13 11:02:59,978 [INFO] Scraped Book: 1st to Die (Women's Murder Club #1).
2025-02-13 11:03:00,093 [INFO] Scraped Book: Carrie.
2025-02-13 11:03:00,221 [INFO] Scraped Book: Needful Things.
2025-02-13 11:03:01,258 [INFO] Scraped Book: Buying In: The Secret Dialogue Between What We Buy and Who We Are.
2025-02-13 11:03:01,322 [INFO] Scraped Book: 1,000 Places to See Before You Die.
2025-02-13 11:03:01,432 [INFO] Scraped Book: Mockingjay (The Hunger Games #3).
2025-02-13 11:03:02,593 [INFO] Scraped Book: Brain on Fire: My Month of Madness.
2025-02-13 11:03:03,955 [INFO] Scraped Book: Batman: Europa.
2025-02-13 11:03:05,187 [INFO] Scraped Book: Barefoot Contessa Back to Basics.
2025-02-13 11:03:05,245 [INFO] Scraping completed successfully in  452.34 seconds!
